<?xml version="1.0" encoding="UTF-8"?>
<coverage generated="1688382141273" clover="3.2.0">
  <project timestamp="1688382141274" name="All files">
    <metrics statements="19" coveredstatements="17" conditionals="11" coveredconditionals="11" methods="8" coveredmethods="6" elements="38" coveredelements="34" complexity="0" loc="19" ncloc="19" packages="2" files="5" classes="5"/>
    <package name="components.product-filters">
      <metrics statements="18" coveredstatements="16" conditionals="11" coveredconditionals="11" methods="8" coveredmethods="6"/>
      <file name="index.tsx" path="/Users/macbook/Desktop/saad/github-desktop/NY-News-App/src/components/product-filters/index.tsx">
        <metrics statements="17" coveredstatements="15" conditionals="11" coveredconditionals="11" methods="8" coveredmethods="6"/>
        <line num="10" count="1" type="cond" truecount="1" falsecount="0"/>
        <line num="11" count="4" type="stmt"/>
        <line num="13" count="4" type="stmt"/>
        <line num="18" count="2" type="stmt"/>
        <line num="24" count="0" type="stmt"/>
        <line num="28" count="4" type="stmt"/>
        <line num="29" count="2" type="stmt"/>
        <line num="30" count="4" type="cond" truecount="2" falsecount="0"/>
        <line num="31" count="2" type="cond" truecount="2" falsecount="0"/>
        <line num="32" count="2" type="stmt"/>
        <line num="34" count="2" type="stmt"/>
        <line num="36" count="2" type="stmt"/>
        <line num="38" count="4" type="stmt"/>
        <line num="39" count="2" type="stmt"/>
        <line num="42" count="4" type="stmt"/>
        <line num="48" count="8" type="stmt"/>
        <line num="52" count="0" type="stmt"/>
      </file>
      <file name="styled.ts" path="/Users/macbook/Desktop/saad/github-desktop/NY-News-App/src/components/product-filters/styled.ts">
        <metrics statements="1" coveredstatements="1" conditionals="0" coveredconditionals="0" methods="0" coveredmethods="0"/>
        <line num="6" count="1" type="stmt"/>
      </file>
    </package>
    <package name="utils.theme">
      <metrics statements="1" coveredstatements="1" conditionals="0" coveredconditionals="0" methods="0" coveredmethods="0"/>
      <file name="colors.ts" path="/Users/macbook/Desktop/saad/github-desktop/NY-News-App/src/utils/theme/colors.ts">
        <metrics statements="1" coveredstatements="1" conditionals="0" coveredconditionals="0" methods="0" coveredmethods="0"/>
        <line num="1" count="1" type="stmt"/>
      </file>
      <file name="images.ts" path="/Users/macbook/Desktop/saad/github-desktop/NY-News-App/src/utils/theme/images.ts">
        <metrics statements="0" coveredstatements="0" conditionals="0" coveredconditionals="0" methods="0" coveredmethods="0"/>
      </file>
      <file name="index.ts" path="/Users/macbook/Desktop/saad/github-desktop/NY-News-App/src/utils/theme/index.ts">
        <metrics statements="0" coveredstatements="0" conditionals="0" coveredconditionals="0" methods="0" coveredmethods="0"/>
      </file>
    </package>
  </project>
</coverage>
