{"/Users/macbook/Desktop/saad/github-desktop/NY-News-App/src/app.js": {"path":"/Users/macbook/Desktop/saad/github-desktop/NY-News-App/src/app.js","statementMap":{"0":{"start":{"line":13,"column":34},"end":{"line":13,"column":46}},"1":{"start":{"line":15,"column":12},"end":{"line":29,"column":1}},"2":{"start":{"line":16,"column":2},"end":{"line":28,"column":3}}},"fnMap":{"0":{"name":"(anonymous_0)","decl":{"start":{"line":15,"column":12},"end":{"line":15,"column":13}},"loc":{"start":{"line":15,"column":18},"end":{"line":29,"column":1}},"line":15}},"branchMap":{"0":{"loc":{"start":{"line":21,"column":15},"end":{"line":21,"column":59}},"type":"cond-expr","locations":[{"start":{"line":21,"column":39},"end":{"line":21,"column":48}},{"start":{"line":21,"column":51},"end":{"line":21,"column":59}}],"line":21},"1":{"loc":{"start":{"line":23,"column":29},"end":{"line":23,"column":61}},"type":"cond-expr","locations":[{"start":{"line":23,"column":53},"end":{"line":23,"column":56}},{"start":{"line":23,"column":59},"end":{"line":23,"column":61}}],"line":23}},"s":{"0":1,"1":1,"2":1},"f":{"0":1},"b":{"0":[1,0],"1":[1,0]},"_coverageSchema":"1a1c01bbd47fc00a2c39e90264f33305004495a9","hash":"13679e9982ada9ea276688bc0cc63aed160e7daa"}
,"/Users/macbook/Desktop/saad/github-desktop/NY-News-App/src/components/index.ts": {"path":"/Users/macbook/Desktop/saad/github-desktop/NY-News-App/src/components/index.ts","statementMap":{},"fnMap":{},"branchMap":{},"s":{},"f":{},"b":{},"_coverageSchema":"1a1c01bbd47fc00a2c39e90264f33305004495a9","hash":"0e49dc4cf2ab4cc24a575c54ce90ca39cd25ae80"}
,"/Users/macbook/Desktop/saad/github-desktop/NY-News-App/src/components/app-config-loader/index.tsx": {"path":"/Users/macbook/Desktop/saad/github-desktop/NY-News-App/src/components/app-config-loader/index.tsx","statementMap":{"0":{"start":{"line":5,"column":42},"end":{"line":7,"column":1}},"1":{"start":{"line":6,"column":2},"end":{"line":6,"column":20}}},"fnMap":{"0":{"name":"(anonymous_0)","decl":{"start":{"line":5,"column":42},"end":{"line":5,"column":43}},"loc":{"start":{"line":5,"column":48},"end":{"line":7,"column":1}},"line":5}},"branchMap":{},"s":{"0":6,"1":1},"f":{"0":1},"b":{},"_coverageSchema":"1a1c01bbd47fc00a2c39e90264f33305004495a9","hash":"16d83b4a58c824f9b912a38002fd3ab4bba0c9e8"}
,"/Users/macbook/Desktop/saad/github-desktop/NY-News-App/src/components/header/index.tsx": {"path":"/Users/macbook/Desktop/saad/github-desktop/NY-News-App/src/components/header/index.tsx","statementMap":{"0":{"start":{"line":9,"column":39},"end":{"line":45,"column":1}},"1":{"start":{"line":16,"column":42},"end":{"line":16,"column":74}},"2":{"start":{"line":18,"column":20},"end":{"line":31,"column":2}},"3":{"start":{"line":19,"column":2},"end":{"line":30,"column":21}},"4":{"start":{"line":32,"column":1},"end":{"line":44,"column":3}}},"fnMap":{"0":{"name":"(anonymous_0)","decl":{"start":{"line":9,"column":39},"end":{"line":9,"column":40}},"loc":{"start":{"line":15,"column":6},"end":{"line":45,"column":1}},"line":15},"1":{"name":"(anonymous_1)","decl":{"start":{"line":18,"column":20},"end":{"line":18,"column":21}},"loc":{"start":{"line":19,"column":2},"end":{"line":30,"column":21}},"line":19}},"branchMap":{"0":{"loc":{"start":{"line":11,"column":1},"end":{"line":11,"column":32}},"type":"default-arg","locations":[{"start":{"line":11,"column":19},"end":{"line":11,"column":32}}],"line":11},"1":{"loc":{"start":{"line":13,"column":1},"end":{"line":13,"column":27}},"type":"default-arg","locations":[{"start":{"line":13,"column":10},"end":{"line":13,"column":27}}],"line":13},"2":{"loc":{"start":{"line":14,"column":1},"end":{"line":14,"column":15}},"type":"default-arg","locations":[{"start":{"line":14,"column":10},"end":{"line":14,"column":15}}],"line":14},"3":{"loc":{"start":{"line":24,"column":4},"end":{"line":29,"column":4}},"type":"binary-expr","locations":[{"start":{"line":24,"column":4},"end":{"line":24,"column":10}},{"start":{"line":25,"column":4},"end":{"line":28,"column":6}}],"line":24}},"s":{"0":6,"1":5,"2":5,"3":5,"4":5},"f":{"0":5,"1":5},"b":{"0":[5],"1":[0],"2":[2],"3":[5,3]},"_coverageSchema":"1a1c01bbd47fc00a2c39e90264f33305004495a9","hash":"cbdf9d695340ebfbd4acad975f4e1d26dedbb100"}
,"/Users/macbook/Desktop/saad/github-desktop/NY-News-App/src/components/header/styled.ts": {"path":"/Users/macbook/Desktop/saad/github-desktop/NY-News-App/src/components/header/styled.ts","statementMap":{"0":{"start":{"line":5,"column":33},"end":{"line":32,"column":2}}},"fnMap":{},"branchMap":{},"s":{"0":6},"f":{},"b":{},"_coverageSchema":"1a1c01bbd47fc00a2c39e90264f33305004495a9","hash":"6f7006b6a9e9cf9f89377f1de23247e3a2154a30"}
,"/Users/macbook/Desktop/saad/github-desktop/NY-News-App/src/components/image-view/index.tsx": {"path":"/Users/macbook/Desktop/saad/github-desktop/NY-News-App/src/components/image-view/index.tsx","statementMap":{"0":{"start":{"line":4,"column":38},"end":{"line":21,"column":1}},"1":{"start":{"line":12,"column":1},"end":{"line":20,"column":3}}},"fnMap":{"0":{"name":"(anonymous_0)","decl":{"start":{"line":4,"column":38},"end":{"line":4,"column":39}},"loc":{"start":{"line":11,"column":6},"end":{"line":21,"column":1}},"line":11}},"branchMap":{"0":{"loc":{"start":{"line":5,"column":1},"end":{"line":5,"column":22}},"type":"default-arg","locations":[{"start":{"line":5,"column":18},"end":{"line":5,"column":22}}],"line":5},"1":{"loc":{"start":{"line":7,"column":1},"end":{"line":7,"column":22}},"type":"default-arg","locations":[{"start":{"line":7,"column":20},"end":{"line":7,"column":22}}],"line":7},"2":{"loc":{"start":{"line":16,"column":11},"end":{"line":16,"column":52}},"type":"binary-expr","locations":[{"start":{"line":16,"column":11},"end":{"line":16,"column":17}},{"start":{"line":16,"column":21},"end":{"line":16,"column":31}},{"start":{"line":16,"column":35},"end":{"line":16,"column":52}}],"line":16}},"s":{"0":6,"1":3},"f":{"0":3},"b":{"0":[3],"1":[0],"2":[3,0,0]},"_coverageSchema":"1a1c01bbd47fc00a2c39e90264f33305004495a9","hash":"cc27ca68c7333d2f2a03c291a1416819879c6cf3"}
,"/Users/macbook/Desktop/saad/github-desktop/NY-News-App/src/components/loader/index.tsx": {"path":"/Users/macbook/Desktop/saad/github-desktop/NY-News-App/src/components/loader/index.tsx","statementMap":{"0":{"start":{"line":5,"column":18},"end":{"line":17,"column":1}},"1":{"start":{"line":6,"column":1},"end":{"line":14,"column":2}},"2":{"start":{"line":7,"column":2},"end":{"line":13,"column":4}},"3":{"start":{"line":16,"column":1},"end":{"line":16,"column":13}}},"fnMap":{"0":{"name":"(anonymous_0)","decl":{"start":{"line":5,"column":18},"end":{"line":5,"column":19}},"loc":{"start":{"line":5,"column":66},"end":{"line":17,"column":1}},"line":5}},"branchMap":{"0":{"loc":{"start":{"line":5,"column":21},"end":{"line":5,"column":36}},"type":"default-arg","locations":[{"start":{"line":5,"column":32},"end":{"line":5,"column":36}}],"line":5},"1":{"loc":{"start":{"line":6,"column":1},"end":{"line":14,"column":2}},"type":"if","locations":[{"start":{"line":6,"column":1},"end":{"line":14,"column":2}},{"start":{},"end":{}}],"line":6}},"s":{"0":7,"1":2,"2":1,"3":1},"f":{"0":2},"b":{"0":[0],"1":[1,1]},"_coverageSchema":"1a1c01bbd47fc00a2c39e90264f33305004495a9","hash":"f1d7107bd1ada7dbbac019f10cd1609ffd444038"}
,"/Users/macbook/Desktop/saad/github-desktop/NY-News-App/src/components/product-card/index.tsx": {"path":"/Users/macbook/Desktop/saad/github-desktop/NY-News-App/src/components/product-card/index.tsx","statementMap":{"0":{"start":{"line":9,"column":48},"end":{"line":58,"column":1}},"1":{"start":{"line":10,"column":34},"end":{"line":12,"column":3}},"2":{"start":{"line":14,"column":62},"end":{"line":14,"column":66}},"3":{"start":{"line":16,"column":27},"end":{"line":18,"column":2}},"4":{"start":{"line":17,"column":2},"end":{"line":17,"column":29}},"5":{"start":{"line":20,"column":21},"end":{"line":30,"column":2}},"6":{"start":{"line":21,"column":2},"end":{"line":29,"column":4}},"7":{"start":{"line":31,"column":1},"end":{"line":57,"column":3}}},"fnMap":{"0":{"name":"(anonymous_0)","decl":{"start":{"line":9,"column":48},"end":{"line":9,"column":49}},"loc":{"start":{"line":9,"column":74},"end":{"line":58,"column":1}},"line":9},"1":{"name":"(anonymous_1)","decl":{"start":{"line":16,"column":27},"end":{"line":16,"column":28}},"loc":{"start":{"line":16,"column":33},"end":{"line":18,"column":2}},"line":16},"2":{"name":"(anonymous_2)","decl":{"start":{"line":20,"column":21},"end":{"line":20,"column":22}},"loc":{"start":{"line":20,"column":27},"end":{"line":30,"column":2}},"line":20}},"branchMap":{"0":{"loc":{"start":{"line":47,"column":7},"end":{"line":47,"column":38}},"type":"cond-expr","locations":[{"start":{"line":47,"column":20},"end":{"line":47,"column":30}},{"start":{"line":47,"column":33},"end":{"line":47,"column":38}}],"line":47}},"s":{"0":6,"1":3,"2":3,"3":3,"4":1,"5":3,"6":3,"7":3},"f":{"0":3,"1":1,"2":3},"b":{"0":[0,3]},"_coverageSchema":"1a1c01bbd47fc00a2c39e90264f33305004495a9","hash":"ce92366881a1c3734207f3cb65c03f769378039f"}
,"/Users/macbook/Desktop/saad/github-desktop/NY-News-App/src/components/product-card/product-description.tsx": {"path":"/Users/macbook/Desktop/saad/github-desktop/NY-News-App/src/components/product-card/product-description.tsx","statementMap":{"0":{"start":{"line":6,"column":27},"end":{"line":17,"column":1}},"1":{"start":{"line":7,"column":41},"end":{"line":7,"column":43}},"2":{"start":{"line":8,"column":1},"end":{"line":15,"column":2}},"3":{"start":{"line":9,"column":2},"end":{"line":13,"column":6}},"4":{"start":{"line":12,"column":4},"end":{"line":12,"column":52}},"5":{"start":{"line":14,"column":2},"end":{"line":14,"column":23}},"6":{"start":{"line":16,"column":1},"end":{"line":16,"column":14}}},"fnMap":{"0":{"name":"(anonymous_0)","decl":{"start":{"line":6,"column":27},"end":{"line":6,"column":28}},"loc":{"start":{"line":6,"column":55},"end":{"line":17,"column":1}},"line":6},"1":{"name":"(anonymous_1)","decl":{"start":{"line":11,"column":9},"end":{"line":11,"column":10}},"loc":{"start":{"line":11,"column":29},"end":{"line":13,"column":4}},"line":11}},"branchMap":{"0":{"loc":{"start":{"line":8,"column":1},"end":{"line":15,"column":2}},"type":"if","locations":[{"start":{"line":8,"column":1},"end":{"line":15,"column":2}},{"start":{},"end":{}}],"line":8},"1":{"loc":{"start":{"line":8,"column":5},"end":{"line":8,"column":32}},"type":"binary-expr","locations":[{"start":{"line":8,"column":5},"end":{"line":8,"column":10}},{"start":{"line":8,"column":14},"end":{"line":8,"column":32}}],"line":8}},"s":{"0":6,"1":3,"2":3,"3":3,"4":3,"5":3,"6":0},"f":{"0":3,"1":3},"b":{"0":[3,0],"1":[3,3]},"_coverageSchema":"1a1c01bbd47fc00a2c39e90264f33305004495a9","hash":"fdb2aac0610f80aa9006b778e95a7a913cc22761"}
,"/Users/macbook/Desktop/saad/github-desktop/NY-News-App/src/components/product-card/product-image.tsx": {"path":"/Users/macbook/Desktop/saad/github-desktop/NY-News-App/src/components/product-card/product-image.tsx","statementMap":{"0":{"start":{"line":10,"column":23},"end":{"line":35,"column":1}},"1":{"start":{"line":11,"column":31},"end":{"line":13,"column":23}},"2":{"start":{"line":14,"column":1},"end":{"line":34,"column":3}}},"fnMap":{"0":{"name":"(anonymous_0)","decl":{"start":{"line":10,"column":23},"end":{"line":10,"column":24}},"loc":{"start":{"line":10,"column":78},"end":{"line":35,"column":1}},"line":10}},"branchMap":{"0":{"loc":{"start":{"line":11,"column":31},"end":{"line":13,"column":23}},"type":"cond-expr","locations":[{"start":{"line":12,"column":4},"end":{"line":12,"column":53}},{"start":{"line":13,"column":4},"end":{"line":13,"column":23}}],"line":11},"1":{"loc":{"start":{"line":12,"column":11},"end":{"line":12,"column":51}},"type":"binary-expr","locations":[{"start":{"line":12,"column":11},"end":{"line":12,"column":29}},{"start":{"line":12,"column":33},"end":{"line":12,"column":51}}],"line":12},"2":{"loc":{"start":{"line":21,"column":34},"end":{"line":21,"column":59}},"type":"cond-expr","locations":[{"start":{"line":21,"column":44},"end":{"line":21,"column":51}},{"start":{"line":21,"column":54},"end":{"line":21,"column":59}}],"line":21}},"s":{"0":6,"1":3,"2":3},"f":{"0":3},"b":{"0":[0,3],"1":[0,0],"2":[0,3]},"_coverageSchema":"1a1c01bbd47fc00a2c39e90264f33305004495a9","hash":"bfc7b3b3f9da4294e8dfc2639972f379db524474"}
,"/Users/macbook/Desktop/saad/github-desktop/NY-News-App/src/components/product-card/styled.ts": {"path":"/Users/macbook/Desktop/saad/github-desktop/NY-News-App/src/components/product-card/styled.ts","statementMap":{"0":{"start":{"line":6,"column":33},"end":{"line":80,"column":2}}},"fnMap":{},"branchMap":{},"s":{"0":6},"f":{},"b":{},"_coverageSchema":"1a1c01bbd47fc00a2c39e90264f33305004495a9","hash":"7fac39aebfe30f74821819b1a075c2117d1defc3"}
,"/Users/macbook/Desktop/saad/github-desktop/NY-News-App/src/components/product-filters/index.tsx": {"path":"/Users/macbook/Desktop/saad/github-desktop/NY-News-App/src/components/product-filters/index.tsx","statementMap":{"0":{"start":{"line":10,"column":24},"end":{"line":66,"column":1}},"1":{"start":{"line":11,"column":31},"end":{"line":11,"column":44}},"2":{"start":{"line":13,"column":25},"end":{"line":26,"column":3}},"3":{"start":{"line":18,"column":19},"end":{"line":18,"column":49}},"4":{"start":{"line":24,"column":19},"end":{"line":24,"column":51}},"5":{"start":{"line":28,"column":23},"end":{"line":37,"column":2}},"6":{"start":{"line":29,"column":21},"end":{"line":35,"column":4}},"7":{"start":{"line":30,"column":3},"end":{"line":33,"column":4}},"8":{"start":{"line":31,"column":4},"end":{"line":31,"column":39}},"9":{"start":{"line":32,"column":4},"end":{"line":32,"column":39}},"10":{"start":{"line":34,"column":3},"end":{"line":34,"column":39}},"11":{"start":{"line":36,"column":2},"end":{"line":36,"column":22}},"12":{"start":{"line":38,"column":1},"end":{"line":40,"column":8}},"13":{"start":{"line":39,"column":2},"end":{"line":39,"column":19}},"14":{"start":{"line":42,"column":1},"end":{"line":65,"column":3}},"15":{"start":{"line":48,"column":5},"end":{"line":62,"column":7}},"16":{"start":{"line":52,"column":22},"end":{"line":52,"column":42}}},"fnMap":{"0":{"name":"(anonymous_0)","decl":{"start":{"line":10,"column":24},"end":{"line":10,"column":25}},"loc":{"start":{"line":10,"column":66},"end":{"line":66,"column":1}},"line":10},"1":{"name":"(anonymous_1)","decl":{"start":{"line":18,"column":13},"end":{"line":18,"column":14}},"loc":{"start":{"line":18,"column":19},"end":{"line":18,"column":49}},"line":18},"2":{"name":"(anonymous_2)","decl":{"start":{"line":24,"column":13},"end":{"line":24,"column":14}},"loc":{"start":{"line":24,"column":19},"end":{"line":24,"column":51}},"line":24},"3":{"name":"(anonymous_3)","decl":{"start":{"line":28,"column":23},"end":{"line":28,"column":24}},"loc":{"start":{"line":28,"column":42},"end":{"line":37,"column":2}},"line":28},"4":{"name":"(anonymous_4)","decl":{"start":{"line":29,"column":31},"end":{"line":29,"column":32}},"loc":{"start":{"line":29,"column":44},"end":{"line":35,"column":3}},"line":29},"5":{"name":"(anonymous_5)","decl":{"start":{"line":38,"column":11},"end":{"line":38,"column":12}},"loc":{"start":{"line":38,"column":17},"end":{"line":40,"column":2}},"line":38},"6":{"name":"(anonymous_6)","decl":{"start":{"line":47,"column":14},"end":{"line":47,"column":15}},"loc":{"start":{"line":47,"column":50},"end":{"line":63,"column":5}},"line":47},"7":{"name":"(anonymous_7)","decl":{"start":{"line":52,"column":16},"end":{"line":52,"column":17}},"loc":{"start":{"line":52,"column":22},"end":{"line":52,"column":42}},"line":52}},"branchMap":{"0":{"loc":{"start":{"line":10,"column":27},"end":{"line":10,"column":59}},"type":"default-arg","locations":[{"start":{"line":10,"column":36},"end":{"line":10,"column":59}}],"line":10},"1":{"loc":{"start":{"line":30,"column":3},"end":{"line":33,"column":4}},"type":"if","locations":[{"start":{"line":30,"column":3},"end":{"line":33,"column":4}},{"start":{},"end":{}}],"line":30},"2":{"loc":{"start":{"line":31,"column":4},"end":{"line":31,"column":38}},"type":"binary-expr","locations":[{"start":{"line":31,"column":4},"end":{"line":31,"column":18}},{"start":{"line":31,"column":22},"end":{"line":31,"column":38}}],"line":31},"3":{"loc":{"start":{"line":46,"column":4},"end":{"line":63,"column":6}},"type":"binary-expr","locations":[{"start":{"line":46,"column":4},"end":{"line":46,"column":8}},{"start":{"line":47,"column":4},"end":{"line":63,"column":6}}],"line":46},"4":{"loc":{"start":{"line":57,"column":26},"end":{"line":57,"column":70}},"type":"cond-expr","locations":[{"start":{"line":57,"column":37},"end":{"line":57,"column":51}},{"start":{"line":57,"column":54},"end":{"line":57,"column":70}}],"line":57},"5":{"loc":{"start":{"line":60,"column":8},"end":{"line":60,"column":61}},"type":"binary-expr","locations":[{"start":{"line":60,"column":8},"end":{"line":60,"column":13}},{"start":{"line":60,"column":17},"end":{"line":60,"column":61}}],"line":60}},"s":{"0":7,"1":8,"2":8,"3":4,"4":0,"5":8,"6":4,"7":8,"8":4,"9":4,"10":4,"11":4,"12":8,"13":4,"14":8,"15":16,"16":0},"f":{"0":8,"1":4,"2":0,"3":4,"4":8,"5":4,"6":16,"7":0},"b":{"0":[4],"1":[4,4],"2":[4,4],"3":[8,8],"4":[8,8],"5":[16,16]},"_coverageSchema":"1a1c01bbd47fc00a2c39e90264f33305004495a9","hash":"2863b15456e76b40dc797b4020269ecd4bb66975"}
,"/Users/macbook/Desktop/saad/github-desktop/NY-News-App/src/components/product-filters/styled.ts": {"path":"/Users/macbook/Desktop/saad/github-desktop/NY-News-App/src/components/product-filters/styled.ts","statementMap":{"0":{"start":{"line":6,"column":33},"end":{"line":28,"column":2}}},"fnMap":{},"branchMap":{},"s":{"0":7},"f":{},"b":{},"_coverageSchema":"1a1c01bbd47fc00a2c39e90264f33305004495a9","hash":"34ace0a348cdd86aaefec8f9411ae7181bb739b9"}
,"/Users/macbook/Desktop/saad/github-desktop/NY-News-App/src/components/search-input/index.tsx": {"path":"/Users/macbook/Desktop/saad/github-desktop/NY-News-App/src/components/search-input/index.tsx","statementMap":{"0":{"start":{"line":11,"column":24},"end":{"line":62,"column":1}},"1":{"start":{"line":15,"column":31},"end":{"line":15,"column":44}},"2":{"start":{"line":16,"column":29},"end":{"line":16,"column":55}},"3":{"start":{"line":17,"column":30},"end":{"line":19,"column":3}},"4":{"start":{"line":21,"column":22},"end":{"line":26,"column":2}},"5":{"start":{"line":23,"column":3},"end":{"line":23,"column":20}},"6":{"start":{"line":28,"column":20},"end":{"line":33,"column":13}},"7":{"start":{"line":29,"column":2},"end":{"line":32,"column":3}},"8":{"start":{"line":30,"column":3},"end":{"line":30,"column":56}},"9":{"start":{"line":31,"column":3},"end":{"line":31,"column":17}},"10":{"start":{"line":35,"column":1},"end":{"line":61,"column":3}}},"fnMap":{"0":{"name":"(anonymous_0)","decl":{"start":{"line":11,"column":24},"end":{"line":11,"column":25}},"loc":{"start":{"line":14,"column":29},"end":{"line":62,"column":1}},"line":14},"1":{"name":"(anonymous_1)","decl":{"start":{"line":22,"column":2},"end":{"line":22,"column":3}},"loc":{"start":{"line":22,"column":21},"end":{"line":24,"column":3}},"line":22},"2":{"name":"(anonymous_2)","decl":{"start":{"line":28,"column":32},"end":{"line":28,"column":33}},"loc":{"start":{"line":28,"column":38},"end":{"line":33,"column":2}},"line":28}},"branchMap":{"0":{"loc":{"start":{"line":12,"column":1},"end":{"line":12,"column":21}},"type":"default-arg","locations":[{"start":{"line":12,"column":10},"end":{"line":12,"column":21}}],"line":12},"1":{"loc":{"start":{"line":29,"column":2},"end":{"line":32,"column":3}},"type":"if","locations":[{"start":{"line":29,"column":2},"end":{"line":32,"column":3}},{"start":{},"end":{}}],"line":29},"2":{"loc":{"start":{"line":47,"column":4},"end":{"line":59,"column":4}},"type":"binary-expr","locations":[{"start":{"line":47,"column":4},"end":{"line":47,"column":10}},{"start":{"line":47,"column":14},"end":{"line":47,"column":33}},{"start":{"line":48,"column":4},"end":{"line":58,"column":23}}],"line":47}},"s":{"0":7,"1":7,"2":7,"3":7,"4":7,"5":2,"6":7,"7":1,"8":1,"9":1,"10":7},"f":{"0":7,"1":2,"2":1},"b":{"0":[5],"1":[1,0],"2":[7,2,2]},"_coverageSchema":"1a1c01bbd47fc00a2c39e90264f33305004495a9","hash":"0fe7cf27bfd05dcc3d2c17c697813f3e43eabc66"}
,"/Users/macbook/Desktop/saad/github-desktop/NY-News-App/src/components/search-input/styled.ts": {"path":"/Users/macbook/Desktop/saad/github-desktop/NY-News-App/src/components/search-input/styled.ts","statementMap":{"0":{"start":{"line":4,"column":33},"end":{"line":27,"column":2}}},"fnMap":{},"branchMap":{},"s":{"0":7},"f":{},"b":{},"_coverageSchema":"1a1c01bbd47fc00a2c39e90264f33305004495a9","hash":"304ed417ed06b93aae83f2ee72fd1af3a6c5451b"}
,"/Users/macbook/Desktop/saad/github-desktop/NY-News-App/src/constants/navigation-routes.ts": {"path":"/Users/macbook/Desktop/saad/github-desktop/NY-News-App/src/constants/navigation-routes.ts","statementMap":{"0":{"start":{"line":3,"column":15},"end":{"line":10,"column":1}}},"fnMap":{},"branchMap":{},"s":{"0":6},"f":{},"b":{},"_coverageSchema":"1a1c01bbd47fc00a2c39e90264f33305004495a9","hash":"6e0e10820d34bc92481ea26509bd69447e8dffad"}
,"/Users/macbook/Desktop/saad/github-desktop/NY-News-App/src/constants/response-types.ts": {"path":"/Users/macbook/Desktop/saad/github-desktop/NY-News-App/src/constants/response-types.ts","statementMap":{},"fnMap":{},"branchMap":{},"s":{},"f":{},"b":{},"_coverageSchema":"1a1c01bbd47fc00a2c39e90264f33305004495a9","hash":"14beb5ad9356a1e9b4bcc68a4939be35916a9acf"}
,"/Users/macbook/Desktop/saad/github-desktop/NY-News-App/src/constants/server/end-points.ts": {"path":"/Users/macbook/Desktop/saad/github-desktop/NY-News-App/src/constants/server/end-points.ts","statementMap":{"0":{"start":{"line":3,"column":18},"end":{"line":6,"column":1}},"1":{"start":{"line":8,"column":21},"end":{"line":11,"column":1}},"2":{"start":{"line":12,"column":24},"end":{"line":12,"column":54}}},"fnMap":{},"branchMap":{},"s":{"0":6,"1":6,"2":6},"f":{},"b":{},"_coverageSchema":"1a1c01bbd47fc00a2c39e90264f33305004495a9","hash":"57cfbf6cafb98a3e962812e65a7ca3c7d35a7c05"}
,"/Users/macbook/Desktop/saad/github-desktop/NY-News-App/src/constants/server/index.ts": {"path":"/Users/macbook/Desktop/saad/github-desktop/NY-News-App/src/constants/server/index.ts","statementMap":{"0":{"start":{"line":2,"column":22},"end":{"line":2,"column":52}},"1":{"start":{"line":3,"column":22},"end":{"line":3,"column":46}},"2":{"start":{"line":4,"column":16},"end":{"line":4,"column":50}},"3":{"start":{"line":5,"column":26},"end":{"line":5,"column":43}},"4":{"start":{"line":6,"column":28},"end":{"line":6,"column":39}}},"fnMap":{},"branchMap":{},"s":{"0":6,"1":6,"2":6,"3":6,"4":6},"f":{},"b":{},"_coverageSchema":"1a1c01bbd47fc00a2c39e90264f33305004495a9","hash":"a54c19fdf7c9bfbf4f7fa00c50cf50268e331cd3"}
,"/Users/macbook/Desktop/saad/github-desktop/NY-News-App/src/routes/index-routes.tsx": {"path":"/Users/macbook/Desktop/saad/github-desktop/NY-News-App/src/routes/index-routes.tsx","statementMap":{"0":{"start":{"line":7,"column":12},"end":{"line":9,"column":1}},"1":{"start":{"line":8,"column":1},"end":{"line":8,"column":53}},"2":{"start":{"line":11,"column":32},"end":{"line":19,"column":2}},"3":{"start":{"line":12,"column":28},"end":{"line":12,"column":55}},"4":{"start":{"line":14,"column":1},"end":{"line":18,"column":3}}},"fnMap":{"0":{"name":"(anonymous_0)","decl":{"start":{"line":7,"column":12},"end":{"line":7,"column":13}},"loc":{"start":{"line":8,"column":1},"end":{"line":8,"column":53}},"line":8},"1":{"name":"(anonymous_1)","decl":{"start":{"line":11,"column":43},"end":{"line":11,"column":44}},"loc":{"start":{"line":11,"column":49},"end":{"line":19,"column":1}},"line":11}},"branchMap":{},"s":{"0":6,"1":1,"2":6,"3":1,"4":1},"f":{"0":1,"1":1},"b":{},"_coverageSchema":"1a1c01bbd47fc00a2c39e90264f33305004495a9","hash":"b7a6e9818d2cc2aa17b17d46edc93a8a561b32d2"}
,"/Users/macbook/Desktop/saad/github-desktop/NY-News-App/src/routes/root.tsx": {"path":"/Users/macbook/Desktop/saad/github-desktop/NY-News-App/src/routes/root.tsx","statementMap":{"0":{"start":{"line":14,"column":30},"end":{"line":14,"column":52}},"1":{"start":{"line":16,"column":30},"end":{"line":72,"column":1}},"2":{"start":{"line":21,"column":1},"end":{"line":71,"column":3}}},"fnMap":{"0":{"name":"(anonymous_0)","decl":{"start":{"line":16,"column":30},"end":{"line":16,"column":31}},"loc":{"start":{"line":20,"column":6},"end":{"line":72,"column":1}},"line":20}},"branchMap":{"0":{"loc":{"start":{"line":23,"column":4},"end":{"line":40,"column":4}},"type":"binary-expr","locations":[{"start":{"line":23,"column":4},"end":{"line":23,"column":20}},{"start":{"line":24,"column":4},"end":{"line":39,"column":7}}],"line":23}},"s":{"0":6,"1":6,"2":1},"f":{"0":1},"b":{"0":[1,1]},"_coverageSchema":"1a1c01bbd47fc00a2c39e90264f33305004495a9","hash":"1c81dd929a9ef2c223e6d31b77a2d21967ce70e5"}
,"/Users/macbook/Desktop/saad/github-desktop/NY-News-App/src/screens/index.ts": {"path":"/Users/macbook/Desktop/saad/github-desktop/NY-News-App/src/screens/index.ts","statementMap":{},"fnMap":{},"branchMap":{},"s":{},"f":{},"b":{},"_coverageSchema":"1a1c01bbd47fc00a2c39e90264f33305004495a9","hash":"e9109713d5d9ac7cb3464667eb0a73293112c2e0"}
,"/Users/macbook/Desktop/saad/github-desktop/NY-News-App/src/screens/auth/index.ts": {"path":"/Users/macbook/Desktop/saad/github-desktop/NY-News-App/src/screens/auth/index.ts","statementMap":{},"fnMap":{},"branchMap":{},"s":{},"f":{},"b":{},"_coverageSchema":"1a1c01bbd47fc00a2c39e90264f33305004495a9","hash":"f9d65bdfddecc045733f728a393d2149b72167d7"}
,"/Users/macbook/Desktop/saad/github-desktop/NY-News-App/src/screens/auth/login/login.tsx": {"path":"/Users/macbook/Desktop/saad/github-desktop/NY-News-App/src/screens/auth/login/login.tsx","statementMap":{"0":{"start":{"line":20,"column":14},"end":{"line":83,"column":1}},"1":{"start":{"line":21,"column":27},"end":{"line":23,"column":2}},"2":{"start":{"line":24,"column":33},"end":{"line":26,"column":2}},"3":{"start":{"line":27,"column":16},"end":{"line":27,"column":52}},"4":{"start":{"line":28,"column":44},"end":{"line":28,"column":76}},"5":{"start":{"line":30,"column":31},"end":{"line":30,"column":44}},"6":{"start":{"line":32,"column":21},"end":{"line":43,"column":22}},"7":{"start":{"line":33,"column":2},"end":{"line":36,"column":3}},"8":{"start":{"line":34,"column":3},"end":{"line":34,"column":54}},"9":{"start":{"line":35,"column":3},"end":{"line":35,"column":10}},"10":{"start":{"line":38,"column":22},"end":{"line":41,"column":3}},"11":{"start":{"line":42,"column":2},"end":{"line":42,"column":38}},"12":{"start":{"line":45,"column":1},"end":{"line":82,"column":3}},"13":{"start":{"line":50,"column":28},"end":{"line":50,"column":42}},"14":{"start":{"line":59,"column":28},"end":{"line":59,"column":45}}},"fnMap":{"0":{"name":"(anonymous_0)","decl":{"start":{"line":20,"column":14},"end":{"line":20,"column":15}},"loc":{"start":{"line":20,"column":52},"end":{"line":83,"column":1}},"line":20},"1":{"name":"(anonymous_1)","decl":{"start":{"line":32,"column":33},"end":{"line":32,"column":34}},"loc":{"start":{"line":32,"column":39},"end":{"line":43,"column":2}},"line":32},"2":{"name":"(anonymous_2)","decl":{"start":{"line":50,"column":18},"end":{"line":50,"column":19}},"loc":{"start":{"line":50,"column":28},"end":{"line":50,"column":42}},"line":50},"3":{"name":"(anonymous_3)","decl":{"start":{"line":59,"column":18},"end":{"line":59,"column":19}},"loc":{"start":{"line":59,"column":28},"end":{"line":59,"column":45}},"line":59}},"branchMap":{"0":{"loc":{"start":{"line":22,"column":2},"end":{"line":22,"column":35}},"type":"cond-expr","locations":[{"start":{"line":22,"column":12},"end":{"line":22,"column":30}},{"start":{"line":22,"column":33},"end":{"line":22,"column":35}}],"line":22},"1":{"loc":{"start":{"line":25,"column":2},"end":{"line":25,"column":25}},"type":"cond-expr","locations":[{"start":{"line":25,"column":12},"end":{"line":25,"column":20}},{"start":{"line":25,"column":23},"end":{"line":25,"column":25}}],"line":25},"2":{"loc":{"start":{"line":33,"column":2},"end":{"line":36,"column":3}},"type":"if","locations":[{"start":{"line":33,"column":2},"end":{"line":36,"column":3}},{"start":{},"end":{}}],"line":33},"3":{"loc":{"start":{"line":33,"column":6},"end":{"line":33,"column":25}},"type":"binary-expr","locations":[{"start":{"line":33,"column":6},"end":{"line":33,"column":12}},{"start":{"line":33,"column":16},"end":{"line":33,"column":25}}],"line":33},"4":{"loc":{"start":{"line":65,"column":4},"end":{"line":75,"column":4}},"type":"cond-expr","locations":[{"start":{"line":66,"column":4},"end":{"line":68,"column":11}},{"start":{"line":70,"column":4},"end":{"line":74,"column":6}}],"line":65}},"s":{"0":6,"1":10,"2":10,"3":10,"4":10,"5":10,"6":10,"7":2,"8":1,"9":1,"10":1,"11":1,"12":10,"13":2,"14":2},"f":{"0":10,"1":2,"2":2,"3":2},"b":{"0":[10,0],"1":[10,0],"2":[1,1],"3":[2,1],"4":[0,10]},"_coverageSchema":"1a1c01bbd47fc00a2c39e90264f33305004495a9","hash":"b23af776b8508825ce3a1a7130cf90dbd5dae3fe"}
,"/Users/macbook/Desktop/saad/github-desktop/NY-News-App/src/screens/auth/login/styled.ts": {"path":"/Users/macbook/Desktop/saad/github-desktop/NY-News-App/src/screens/auth/login/styled.ts","statementMap":{"0":{"start":{"line":5,"column":33},"end":{"line":28,"column":2}}},"fnMap":{},"branchMap":{},"s":{"0":6},"f":{},"b":{},"_coverageSchema":"1a1c01bbd47fc00a2c39e90264f33305004495a9","hash":"0a72ec433de8b81f2f0b6b1ee0aa32b8316a38af"}
,"/Users/macbook/Desktop/saad/github-desktop/NY-News-App/src/screens/auth/signup/signup.tsx": {"path":"/Users/macbook/Desktop/saad/github-desktop/NY-News-App/src/screens/auth/signup/signup.tsx","statementMap":{"0":{"start":{"line":20,"column":15},"end":{"line":87,"column":1}},"1":{"start":{"line":21,"column":27},"end":{"line":23,"column":2}},"2":{"start":{"line":24,"column":33},"end":{"line":26,"column":2}},"3":{"start":{"line":27,"column":16},"end":{"line":27,"column":52}},"4":{"start":{"line":29,"column":44},"end":{"line":29,"column":76}},"5":{"start":{"line":31,"column":31},"end":{"line":31,"column":44}},"6":{"start":{"line":33,"column":22},"end":{"line":45,"column":22}},"7":{"start":{"line":34,"column":2},"end":{"line":37,"column":3}},"8":{"start":{"line":35,"column":3},"end":{"line":35,"column":54}},"9":{"start":{"line":36,"column":3},"end":{"line":36,"column":10}},"10":{"start":{"line":39,"column":22},"end":{"line":42,"column":3}},"11":{"start":{"line":44,"column":2},"end":{"line":44,"column":51}},"12":{"start":{"line":47,"column":1},"end":{"line":86,"column":3}},"13":{"start":{"line":52,"column":28},"end":{"line":52,"column":42}},"14":{"start":{"line":61,"column":28},"end":{"line":61,"column":45}}},"fnMap":{"0":{"name":"(anonymous_0)","decl":{"start":{"line":20,"column":15},"end":{"line":20,"column":16}},"loc":{"start":{"line":20,"column":61},"end":{"line":87,"column":1}},"line":20},"1":{"name":"(anonymous_1)","decl":{"start":{"line":33,"column":34},"end":{"line":33,"column":35}},"loc":{"start":{"line":33,"column":40},"end":{"line":45,"column":2}},"line":33},"2":{"name":"(anonymous_2)","decl":{"start":{"line":52,"column":18},"end":{"line":52,"column":19}},"loc":{"start":{"line":52,"column":28},"end":{"line":52,"column":42}},"line":52},"3":{"name":"(anonymous_3)","decl":{"start":{"line":61,"column":18},"end":{"line":61,"column":19}},"loc":{"start":{"line":61,"column":28},"end":{"line":61,"column":45}},"line":61}},"branchMap":{"0":{"loc":{"start":{"line":22,"column":2},"end":{"line":22,"column":35}},"type":"cond-expr","locations":[{"start":{"line":22,"column":12},"end":{"line":22,"column":30}},{"start":{"line":22,"column":33},"end":{"line":22,"column":35}}],"line":22},"1":{"loc":{"start":{"line":25,"column":2},"end":{"line":25,"column":25}},"type":"cond-expr","locations":[{"start":{"line":25,"column":12},"end":{"line":25,"column":20}},{"start":{"line":25,"column":23},"end":{"line":25,"column":25}}],"line":25},"2":{"loc":{"start":{"line":34,"column":2},"end":{"line":37,"column":3}},"type":"if","locations":[{"start":{"line":34,"column":2},"end":{"line":37,"column":3}},{"start":{},"end":{}}],"line":34},"3":{"loc":{"start":{"line":34,"column":6},"end":{"line":34,"column":25}},"type":"binary-expr","locations":[{"start":{"line":34,"column":6},"end":{"line":34,"column":12}},{"start":{"line":34,"column":16},"end":{"line":34,"column":25}}],"line":34},"4":{"loc":{"start":{"line":66,"column":4},"end":{"line":76,"column":4}},"type":"cond-expr","locations":[{"start":{"line":67,"column":4},"end":{"line":69,"column":11}},{"start":{"line":71,"column":4},"end":{"line":75,"column":6}}],"line":66}},"s":{"0":6,"1":9,"2":9,"3":9,"4":9,"5":9,"6":9,"7":2,"8":1,"9":1,"10":1,"11":1,"12":9,"13":2,"14":2},"f":{"0":9,"1":2,"2":2,"3":2},"b":{"0":[9,0],"1":[9,0],"2":[1,1],"3":[2,1],"4":[0,9]},"_coverageSchema":"1a1c01bbd47fc00a2c39e90264f33305004495a9","hash":"2af20547a5a5e33f5b49a5914860b931f4e82950"}
,"/Users/macbook/Desktop/saad/github-desktop/NY-News-App/src/screens/main/index.ts": {"path":"/Users/macbook/Desktop/saad/github-desktop/NY-News-App/src/screens/main/index.ts","statementMap":{},"fnMap":{},"branchMap":{},"s":{},"f":{},"b":{},"_coverageSchema":"1a1c01bbd47fc00a2c39e90264f33305004495a9","hash":"58f5c9d86c649ea2c95dcee29279ae3b3176232e"}
,"/Users/macbook/Desktop/saad/github-desktop/NY-News-App/src/screens/main/category/index.tsx": {"path":"/Users/macbook/Desktop/saad/github-desktop/NY-News-App/src/screens/main/category/index.tsx","statementMap":{"0":{"start":{"line":19,"column":20},"end":{"line":75,"column":1}},"1":{"start":{"line":20,"column":14},"end":{"line":20,"column":38}},"2":{"start":{"line":21,"column":18},"end":{"line":21,"column":40}},"3":{"start":{"line":23,"column":20},"end":{"line":30,"column":2}},"4":{"start":{"line":24,"column":2},"end":{"line":29,"column":4}},"5":{"start":{"line":31,"column":22},"end":{"line":39,"column":2}},"6":{"start":{"line":32,"column":2},"end":{"line":38,"column":3}},"7":{"start":{"line":33,"column":3},"end":{"line":37,"column":5}},"8":{"start":{"line":41,"column":25},"end":{"line":43,"column":2}},"9":{"start":{"line":42,"column":2},"end":{"line":42,"column":60}},"10":{"start":{"line":45,"column":25},"end":{"line":52,"column":2}},"11":{"start":{"line":46,"column":2},"end":{"line":51,"column":4}},"12":{"start":{"line":54,"column":22},"end":{"line":59,"column":2}},"13":{"start":{"line":55,"column":2},"end":{"line":58,"column":4}},"14":{"start":{"line":60,"column":1},"end":{"line":74,"column":3}}},"fnMap":{"0":{"name":"(anonymous_0)","decl":{"start":{"line":19,"column":20},"end":{"line":19,"column":21}},"loc":{"start":{"line":19,"column":58},"end":{"line":75,"column":1}},"line":19},"1":{"name":"(anonymous_1)","decl":{"start":{"line":23,"column":20},"end":{"line":23,"column":21}},"loc":{"start":{"line":23,"column":53},"end":{"line":30,"column":2}},"line":23},"2":{"name":"(anonymous_2)","decl":{"start":{"line":31,"column":22},"end":{"line":31,"column":23}},"loc":{"start":{"line":31,"column":28},"end":{"line":39,"column":2}},"line":31},"3":{"name":"(anonymous_3)","decl":{"start":{"line":41,"column":25},"end":{"line":41,"column":26}},"loc":{"start":{"line":41,"column":31},"end":{"line":43,"column":2}},"line":41},"4":{"name":"(anonymous_4)","decl":{"start":{"line":45,"column":25},"end":{"line":45,"column":26}},"loc":{"start":{"line":45,"column":31},"end":{"line":52,"column":2}},"line":45},"5":{"name":"(anonymous_5)","decl":{"start":{"line":54,"column":22},"end":{"line":54,"column":23}},"loc":{"start":{"line":55,"column":2},"end":{"line":58,"column":4}},"line":55}},"branchMap":{"0":{"loc":{"start":{"line":32,"column":2},"end":{"line":38,"column":3}},"type":"if","locations":[{"start":{"line":32,"column":2},"end":{"line":38,"column":3}},{"start":{},"end":{}}],"line":32}},"s":{"0":6,"1":2,"2":2,"3":2,"4":0,"5":2,"6":2,"7":0,"8":2,"9":2,"10":2,"11":2,"12":2,"13":2,"14":2},"f":{"0":2,"1":0,"2":2,"3":2,"4":2,"5":2},"b":{"0":[0,2]},"_coverageSchema":"1a1c01bbd47fc00a2c39e90264f33305004495a9","hash":"706eabf5919220ae31098bd475b3223c5c840c75"}
,"/Users/macbook/Desktop/saad/github-desktop/NY-News-App/src/screens/main/product-description/news-details.tsx": {"path":"/Users/macbook/Desktop/saad/github-desktop/NY-News-App/src/screens/main/product-description/news-details.tsx","statementMap":{"0":{"start":{"line":10,"column":20},"end":{"line":89,"column":1}},"1":{"start":{"line":19,"column":5},"end":{"line":19,"column":24}},"2":{"start":{"line":21,"column":23},"end":{"line":30,"column":14}},"3":{"start":{"line":22,"column":2},"end":{"line":29,"column":4}},"4":{"start":{"line":32,"column":22},"end":{"line":34,"column":17}},"5":{"start":{"line":33,"column":2},"end":{"line":33,"column":38}},"6":{"start":{"line":36,"column":17},"end":{"line":38,"column":2}},"7":{"start":{"line":37,"column":2},"end":{"line":37,"column":29}},"8":{"start":{"line":39,"column":30},"end":{"line":80,"column":2}},"9":{"start":{"line":40,"column":2},"end":{"line":79,"column":4}},"10":{"start":{"line":82,"column":1},"end":{"line":88,"column":3}}},"fnMap":{"0":{"name":"(anonymous_0)","decl":{"start":{"line":10,"column":20},"end":{"line":10,"column":21}},"loc":{"start":{"line":10,"column":65},"end":{"line":89,"column":1}},"line":10},"1":{"name":"(anonymous_1)","decl":{"start":{"line":21,"column":35},"end":{"line":21,"column":36}},"loc":{"start":{"line":21,"column":41},"end":{"line":30,"column":2}},"line":21},"2":{"name":"(anonymous_2)","decl":{"start":{"line":32,"column":34},"end":{"line":32,"column":35}},"loc":{"start":{"line":32,"column":40},"end":{"line":34,"column":2}},"line":32},"3":{"name":"(anonymous_3)","decl":{"start":{"line":36,"column":17},"end":{"line":36,"column":18}},"loc":{"start":{"line":36,"column":23},"end":{"line":38,"column":2}},"line":36},"4":{"name":"(anonymous_4)","decl":{"start":{"line":39,"column":30},"end":{"line":39,"column":31}},"loc":{"start":{"line":39,"column":36},"end":{"line":80,"column":2}},"line":39}},"branchMap":{"0":{"loc":{"start":{"line":57,"column":8},"end":{"line":63,"column":8}},"type":"binary-expr","locations":[{"start":{"line":57,"column":8},"end":{"line":57,"column":17}},{"start":{"line":58,"column":8},"end":{"line":62,"column":15}}],"line":57},"1":{"loc":{"start":{"line":64,"column":8},"end":{"line":74,"column":8}},"type":"binary-expr","locations":[{"start":{"line":64,"column":8},"end":{"line":64,"column":18}},{"start":{"line":65,"column":8},"end":{"line":73,"column":15}}],"line":64}},"s":{"0":6,"1":0,"2":0,"3":0,"4":0,"5":0,"6":0,"7":0,"8":0,"9":0,"10":0},"f":{"0":0,"1":0,"2":0,"3":0,"4":0},"b":{"0":[0,0],"1":[0,0]},"_coverageSchema":"1a1c01bbd47fc00a2c39e90264f33305004495a9","hash":"77e800a4cf809b8822d92dbea09713bccad238f2"}
,"/Users/macbook/Desktop/saad/github-desktop/NY-News-App/src/screens/main/product-description/slider.tsx": {"path":"/Users/macbook/Desktop/saad/github-desktop/NY-News-App/src/screens/main/product-description/slider.tsx","statementMap":{"0":{"start":{"line":7,"column":47},"end":{"line":57,"column":1}},"1":{"start":{"line":8,"column":34},"end":{"line":8,"column":46}},"2":{"start":{"line":9,"column":32},"end":{"line":9,"column":62}},"3":{"start":{"line":10,"column":27},"end":{"line":10,"column":46}},"4":{"start":{"line":12,"column":30},"end":{"line":25,"column":2}},"5":{"start":{"line":13,"column":2},"end":{"line":24,"column":4}},"6":{"start":{"line":27,"column":22},"end":{"line":54,"column":11}},"7":{"start":{"line":28,"column":2},"end":{"line":53,"column":4}},"8":{"start":{"line":40,"column":38},"end":{"line":40,"column":53}},"9":{"start":{"line":56,"column":1},"end":{"line":56,"column":23}}},"fnMap":{"0":{"name":"(anonymous_0)","decl":{"start":{"line":7,"column":47},"end":{"line":7,"column":48}},"loc":{"start":{"line":7,"column":61},"end":{"line":57,"column":1}},"line":7},"1":{"name":"(anonymous_1)","decl":{"start":{"line":12,"column":30},"end":{"line":12,"column":31}},"loc":{"start":{"line":12,"column":67},"end":{"line":25,"column":2}},"line":12},"2":{"name":"(anonymous_2)","decl":{"start":{"line":27,"column":34},"end":{"line":27,"column":35}},"loc":{"start":{"line":27,"column":40},"end":{"line":54,"column":2}},"line":27},"3":{"name":"(anonymous_3)","decl":{"start":{"line":40,"column":19},"end":{"line":40,"column":20}},"loc":{"start":{"line":40,"column":38},"end":{"line":40,"column":53}},"line":40}},"branchMap":{},"s":{"0":6,"1":0,"2":0,"3":0,"4":0,"5":0,"6":0,"7":0,"8":0,"9":0},"f":{"0":0,"1":0,"2":0,"3":0},"b":{},"_coverageSchema":"1a1c01bbd47fc00a2c39e90264f33305004495a9","hash":"187143867f22b616fdfdbc2b22b2420814cfa538"}
,"/Users/macbook/Desktop/saad/github-desktop/NY-News-App/src/screens/main/product-description/styled.ts": {"path":"/Users/macbook/Desktop/saad/github-desktop/NY-News-App/src/screens/main/product-description/styled.ts","statementMap":{"0":{"start":{"line":6,"column":33},"end":{"line":83,"column":2}}},"fnMap":{},"branchMap":{},"s":{"0":6},"f":{},"b":{},"_coverageSchema":"1a1c01bbd47fc00a2c39e90264f33305004495a9","hash":"1e80f5165347ac55303acaeb06f148053162a858"}
,"/Users/macbook/Desktop/saad/github-desktop/NY-News-App/src/screens/main/search/index.tsx": {"path":"/Users/macbook/Desktop/saad/github-desktop/NY-News-App/src/screens/main/search/index.tsx","statementMap":{"0":{"start":{"line":20,"column":24},"end":{"line":22,"column":1}},"1":{"start":{"line":21,"column":1},"end":{"line":21,"column":46}},"2":{"start":{"line":24,"column":21},"end":{"line":120,"column":1}},"3":{"start":{"line":25,"column":18},"end":{"line":25,"column":40}},"4":{"start":{"line":26,"column":31},"end":{"line":26,"column":44}},"5":{"start":{"line":27,"column":24},"end":{"line":27,"column":54}},"6":{"start":{"line":29,"column":28},"end":{"line":34,"column":2}},"7":{"start":{"line":30,"column":23},"end":{"line":32,"column":3}},"8":{"start":{"line":31,"column":21},"end":{"line":31,"column":40}},"9":{"start":{"line":33,"column":2},"end":{"line":33,"column":58}},"10":{"start":{"line":36,"column":20},"end":{"line":56,"column":2}},"11":{"start":{"line":37,"column":2},"end":{"line":55,"column":4}},"12":{"start":{"line":42,"column":5},"end":{"line":42,"column":22}},"13":{"start":{"line":48,"column":37},"end":{"line":48,"column":61}},"14":{"start":{"line":58,"column":20},"end":{"line":60,"column":2}},"15":{"start":{"line":59,"column":2},"end":{"line":59,"column":55}},"16":{"start":{"line":62,"column":22},"end":{"line":64,"column":2}},"17":{"start":{"line":63,"column":2},"end":{"line":63,"column":43}},"18":{"start":{"line":66,"column":25},"end":{"line":102,"column":31}},"19":{"start":{"line":67,"column":2},"end":{"line":101,"column":4}},"20":{"start":{"line":104,"column":22},"end":{"line":113,"column":2}},"21":{"start":{"line":105,"column":2},"end":{"line":112,"column":4}},"22":{"start":{"line":114,"column":1},"end":{"line":119,"column":3}}},"fnMap":{"0":{"name":"(anonymous_0)","decl":{"start":{"line":20,"column":24},"end":{"line":20,"column":25}},"loc":{"start":{"line":20,"column":30},"end":{"line":22,"column":1}},"line":20},"1":{"name":"(anonymous_1)","decl":{"start":{"line":24,"column":21},"end":{"line":24,"column":22}},"loc":{"start":{"line":24,"column":59},"end":{"line":120,"column":1}},"line":24},"2":{"name":"(anonymous_2)","decl":{"start":{"line":29,"column":28},"end":{"line":29,"column":29}},"loc":{"start":{"line":29,"column":53},"end":{"line":34,"column":2}},"line":29},"3":{"name":"(anonymous_3)","decl":{"start":{"line":31,"column":3},"end":{"line":31,"column":4}},"loc":{"start":{"line":31,"column":21},"end":{"line":31,"column":40}},"line":31},"4":{"name":"(anonymous_4)","decl":{"start":{"line":36,"column":20},"end":{"line":36,"column":21}},"loc":{"start":{"line":36,"column":57},"end":{"line":56,"column":2}},"line":36},"5":{"name":"(anonymous_5)","decl":{"start":{"line":41,"column":13},"end":{"line":41,"column":14}},"loc":{"start":{"line":41,"column":19},"end":{"line":43,"column":5}},"line":41},"6":{"name":"(anonymous_6)","decl":{"start":{"line":48,"column":31},"end":{"line":48,"column":32}},"loc":{"start":{"line":48,"column":37},"end":{"line":48,"column":61}},"line":48},"7":{"name":"(anonymous_7)","decl":{"start":{"line":58,"column":20},"end":{"line":58,"column":21}},"loc":{"start":{"line":58,"column":40},"end":{"line":60,"column":2}},"line":58},"8":{"name":"(anonymous_8)","decl":{"start":{"line":62,"column":22},"end":{"line":62,"column":23}},"loc":{"start":{"line":62,"column":28},"end":{"line":64,"column":2}},"line":62},"9":{"name":"(anonymous_9)","decl":{"start":{"line":66,"column":37},"end":{"line":66,"column":38}},"loc":{"start":{"line":66,"column":43},"end":{"line":102,"column":2}},"line":66},"10":{"name":"(anonymous_10)","decl":{"start":{"line":104,"column":22},"end":{"line":104,"column":23}},"loc":{"start":{"line":104,"column":28},"end":{"line":113,"column":2}},"line":104}},"branchMap":{"0":{"loc":{"start":{"line":74,"column":6},"end":{"line":74,"column":32}},"type":"binary-expr","locations":[{"start":{"line":74,"column":6},"end":{"line":74,"column":14}},{"start":{"line":74,"column":18},"end":{"line":74,"column":32}}],"line":74},"1":{"loc":{"start":{"line":78,"column":7},"end":{"line":80,"column":24}},"type":"cond-expr","locations":[{"start":{"line":79,"column":10},"end":{"line":79,"column":37}},{"start":{"line":80,"column":10},"end":{"line":80,"column":24}}],"line":78},"2":{"loc":{"start":{"line":85,"column":7},"end":{"line":89,"column":15}},"type":"cond-expr","locations":[{"start":{"line":86,"column":8},"end":{"line":88,"column":15}},{"start":{"line":89,"column":11},"end":{"line":89,"column":15}}],"line":85},"3":{"loc":{"start":{"line":95,"column":7},"end":{"line":97,"column":7}},"type":"binary-expr","locations":[{"start":{"line":95,"column":7},"end":{"line":95,"column":34}},{"start":{"line":96,"column":7},"end":{"line":96,"column":65}}],"line":95}},"s":{"0":6,"1":0,"2":6,"3":0,"4":0,"5":0,"6":0,"7":0,"8":0,"9":0,"10":0,"11":0,"12":0,"13":0,"14":0,"15":0,"16":0,"17":0,"18":0,"19":0,"20":0,"21":0,"22":0},"f":{"0":0,"1":0,"2":0,"3":0,"4":0,"5":0,"6":0,"7":0,"8":0,"9":0,"10":0},"b":{"0":[0,0],"1":[0,0],"2":[0,0],"3":[0,0]},"_coverageSchema":"1a1c01bbd47fc00a2c39e90264f33305004495a9","hash":"b2b2688ce72367307c0819ea51f156e635f12dc2"}
,"/Users/macbook/Desktop/saad/github-desktop/NY-News-App/src/screens/main/search/styled.ts": {"path":"/Users/macbook/Desktop/saad/github-desktop/NY-News-App/src/screens/main/search/styled.ts","statementMap":{"0":{"start":{"line":6,"column":33},"end":{"line":45,"column":2}}},"fnMap":{},"branchMap":{},"s":{"0":6},"f":{},"b":{},"_coverageSchema":"1a1c01bbd47fc00a2c39e90264f33305004495a9","hash":"875bd23ec33c2384cd88666ae0e61b74a7598d75"}
,"/Users/macbook/Desktop/saad/github-desktop/NY-News-App/src/screens/main/search-result/index.tsx": {"path":"/Users/macbook/Desktop/saad/github-desktop/NY-News-App/src/screens/main/search-result/index.tsx","statementMap":{"0":{"start":{"line":14,"column":27},"end":{"line":71,"column":1}},"1":{"start":{"line":15,"column":20},"end":{"line":15,"column":46}},"2":{"start":{"line":16,"column":16},"end":{"line":16,"column":38}},"3":{"start":{"line":18,"column":20},"end":{"line":27,"column":2}},"4":{"start":{"line":19,"column":2},"end":{"line":26,"column":4}},"5":{"start":{"line":29,"column":22},"end":{"line":38,"column":2}},"6":{"start":{"line":30,"column":2},"end":{"line":37,"column":4}},"7":{"start":{"line":40,"column":25},"end":{"line":42,"column":2}},"8":{"start":{"line":41,"column":2},"end":{"line":41,"column":47}},"9":{"start":{"line":45,"column":2},"end":{"line":53,"column":4}},"10":{"start":{"line":56,"column":1},"end":{"line":70,"column":3}}},"fnMap":{"0":{"name":"(anonymous_0)","decl":{"start":{"line":14,"column":27},"end":{"line":14,"column":28}},"loc":{"start":{"line":14,"column":52},"end":{"line":71,"column":1}},"line":14},"1":{"name":"(anonymous_1)","decl":{"start":{"line":18,"column":20},"end":{"line":18,"column":21}},"loc":{"start":{"line":18,"column":53},"end":{"line":27,"column":2}},"line":18},"2":{"name":"(anonymous_2)","decl":{"start":{"line":29,"column":22},"end":{"line":29,"column":23}},"loc":{"start":{"line":29,"column":28},"end":{"line":38,"column":2}},"line":29},"3":{"name":"(anonymous_3)","decl":{"start":{"line":40,"column":25},"end":{"line":40,"column":26}},"loc":{"start":{"line":40,"column":31},"end":{"line":42,"column":2}},"line":40},"4":{"name":"renderSearchInput","decl":{"start":{"line":44,"column":10},"end":{"line":44,"column":27}},"loc":{"start":{"line":44,"column":30},"end":{"line":54,"column":2}},"line":44}},"branchMap":{"0":{"loc":{"start":{"line":60,"column":4},"end":{"line":68,"column":4}},"type":"cond-expr","locations":[{"start":{"line":61,"column":4},"end":{"line":65,"column":11}},{"start":{"line":67,"column":4},"end":{"line":67,"column":23}}],"line":60},"1":{"loc":{"start":{"line":60,"column":4},"end":{"line":60,"column":53}},"type":"binary-expr","locations":[{"start":{"line":60,"column":4},"end":{"line":60,"column":14}},{"start":{"line":60,"column":18},"end":{"line":60,"column":42}},{"start":{"line":60,"column":46},"end":{"line":60,"column":53}}],"line":60}},"s":{"0":6,"1":3,"2":3,"3":3,"4":0,"5":3,"6":3,"7":3,"8":0,"9":2,"10":3},"f":{"0":3,"1":0,"2":3,"3":0,"4":2},"b":{"0":[1,2],"1":[3,1,1]},"_coverageSchema":"1a1c01bbd47fc00a2c39e90264f33305004495a9","hash":"492aae3073efeff7ea13b6c49fdfed57c811eba8"}
,"/Users/macbook/Desktop/saad/github-desktop/NY-News-App/src/screens/main/search-result/styled.ts": {"path":"/Users/macbook/Desktop/saad/github-desktop/NY-News-App/src/screens/main/search-result/styled.ts","statementMap":{"0":{"start":{"line":6,"column":33},"end":{"line":17,"column":2}}},"fnMap":{},"branchMap":{},"s":{"0":6},"f":{},"b":{},"_coverageSchema":"1a1c01bbd47fc00a2c39e90264f33305004495a9","hash":"d1b355f443f0d0c89a0f02ba169f4c226f5f1cda"}
,"/Users/macbook/Desktop/saad/github-desktop/NY-News-App/src/services/index.ts": {"path":"/Users/macbook/Desktop/saad/github-desktop/NY-News-App/src/services/index.ts","statementMap":{},"fnMap":{},"branchMap":{},"s":{},"f":{},"b":{},"_coverageSchema":"1a1c01bbd47fc00a2c39e90264f33305004495a9","hash":"3c99f30c36611fa0daf6248a4354f3c9841c0014"}
,"/Users/macbook/Desktop/saad/github-desktop/NY-News-App/src/services/auth/index.ts": {"path":"/Users/macbook/Desktop/saad/github-desktop/NY-News-App/src/services/auth/index.ts","statementMap":{"0":{"start":{"line":9,"column":16},"end":{"line":17,"column":2}},"1":{"start":{"line":10,"column":2},"end":{"line":16,"column":3}},"2":{"start":{"line":11,"column":15},"end":{"line":11,"column":60}},"3":{"start":{"line":12,"column":23},"end":{"line":12,"column":49}},"4":{"start":{"line":13,"column":3},"end":{"line":13,"column":69}},"5":{"start":{"line":15,"column":3},"end":{"line":15,"column":37}},"6":{"start":{"line":18,"column":17},"end":{"line":26,"column":2}},"7":{"start":{"line":19,"column":2},"end":{"line":25,"column":3}},"8":{"start":{"line":20,"column":15},"end":{"line":20,"column":62}},"9":{"start":{"line":21,"column":23},"end":{"line":21,"column":49}},"10":{"start":{"line":22,"column":3},"end":{"line":22,"column":69}},"11":{"start":{"line":24,"column":3},"end":{"line":24,"column":37}}},"fnMap":{"0":{"name":"(anonymous_0)","decl":{"start":{"line":9,"column":16},"end":{"line":9,"column":17}},"loc":{"start":{"line":9,"column":60},"end":{"line":17,"column":2}},"line":9},"1":{"name":"(anonymous_1)","decl":{"start":{"line":18,"column":17},"end":{"line":18,"column":18}},"loc":{"start":{"line":18,"column":61},"end":{"line":26,"column":2}},"line":18}},"branchMap":{},"s":{"0":6,"1":0,"2":0,"3":0,"4":0,"5":0,"6":6,"7":0,"8":0,"9":0,"10":0,"11":0},"f":{"0":0,"1":0},"b":{},"_coverageSchema":"1a1c01bbd47fc00a2c39e90264f33305004495a9","hash":"c61308c8da0cfd0bc297988a07b6844ef6923eaf"}
,"/Users/macbook/Desktop/saad/github-desktop/NY-News-App/src/services/category/index.ts": {"path":"/Users/macbook/Desktop/saad/github-desktop/NY-News-App/src/services/category/index.ts","statementMap":{"0":{"start":{"line":9,"column":23},"end":{"line":19,"column":2}},"1":{"start":{"line":10,"column":2},"end":{"line":18,"column":3}},"2":{"start":{"line":12,"column":4},"end":{"line":12,"column":62}},"3":{"start":{"line":13,"column":23},"end":{"line":13,"column":42}},"4":{"start":{"line":15,"column":3},"end":{"line":15,"column":69}},"5":{"start":{"line":17,"column":3},"end":{"line":17,"column":37}},"6":{"start":{"line":20,"column":25},"end":{"line":30,"column":2}},"7":{"start":{"line":21,"column":2},"end":{"line":29,"column":3}},"8":{"start":{"line":23,"column":4},"end":{"line":23,"column":64}},"9":{"start":{"line":24,"column":23},"end":{"line":24,"column":42}},"10":{"start":{"line":26,"column":3},"end":{"line":26,"column":69}},"11":{"start":{"line":28,"column":3},"end":{"line":28,"column":37}}},"fnMap":{"0":{"name":"(anonymous_0)","decl":{"start":{"line":9,"column":23},"end":{"line":9,"column":24}},"loc":{"start":{"line":9,"column":49},"end":{"line":19,"column":2}},"line":9},"1":{"name":"(anonymous_1)","decl":{"start":{"line":20,"column":25},"end":{"line":20,"column":26}},"loc":{"start":{"line":20,"column":51},"end":{"line":30,"column":2}},"line":20}},"branchMap":{},"s":{"0":0,"1":0,"2":0,"3":0,"4":0,"5":0,"6":0,"7":0,"8":0,"9":0,"10":0,"11":0},"f":{"0":0,"1":0},"b":{},"_coverageSchema":"1a1c01bbd47fc00a2c39e90264f33305004495a9","hash":"c9fad3e2eabc9d6017407702d9eec2432f13ba01"}
,"/Users/macbook/Desktop/saad/github-desktop/NY-News-App/src/services/https/index.ts": {"path":"/Users/macbook/Desktop/saad/github-desktop/NY-News-App/src/services/https/index.ts","statementMap":{"0":{"start":{"line":4,"column":28},"end":{"line":4,"column":53}},"1":{"start":{"line":7,"column":40},"end":{"line":7,"column":42}},"2":{"start":{"line":9,"column":16},"end":{"line":9,"column":60}},"3":{"start":{"line":10,"column":2},"end":{"line":10,"column":72}},"4":{"start":{"line":10,"column":42},"end":{"line":10,"column":72}},"5":{"start":{"line":11,"column":2},"end":{"line":11,"column":47}},"6":{"start":{"line":12,"column":2},"end":{"line":12,"column":17}},"7":{"start":{"line":16,"column":26},"end":{"line":16,"column":31}},"8":{"start":{"line":17,"column":2},"end":{"line":17,"column":25}},"9":{"start":{"line":21,"column":2},"end":{"line":21,"column":31}},"10":{"start":{"line":24,"column":42},"end":{"line":24,"column":65}},"11":{"start":{"line":25,"column":2},"end":{"line":25,"column":73}}},"fnMap":{"0":{"name":"(anonymous_0)","decl":{"start":{"line":6,"column":1},"end":{"line":6,"column":2}},"loc":{"start":{"line":6,"column":53},"end":{"line":13,"column":2}},"line":6},"1":{"name":"(anonymous_1)","decl":{"start":{"line":15,"column":1},"end":{"line":15,"column":2}},"loc":{"start":{"line":15,"column":22},"end":{"line":18,"column":2}},"line":15},"2":{"name":"(anonymous_2)","decl":{"start":{"line":20,"column":1},"end":{"line":20,"column":2}},"loc":{"start":{"line":20,"column":59},"end":{"line":22,"column":2}},"line":20},"3":{"name":"(anonymous_3)","decl":{"start":{"line":23,"column":1},"end":{"line":23,"column":2}},"loc":{"start":{"line":23,"column":38},"end":{"line":26,"column":2}},"line":23}},"branchMap":{"0":{"loc":{"start":{"line":10,"column":2},"end":{"line":10,"column":72}},"type":"if","locations":[{"start":{"line":10,"column":2},"end":{"line":10,"column":72}},{"start":{},"end":{}}],"line":10},"1":{"loc":{"start":{"line":10,"column":6},"end":{"line":10,"column":40}},"type":"binary-expr","locations":[{"start":{"line":10,"column":6},"end":{"line":10,"column":11}},{"start":{"line":10,"column":15},"end":{"line":10,"column":40}}],"line":10}},"s":{"0":6,"1":0,"2":0,"3":0,"4":0,"5":0,"6":0,"7":0,"8":0,"9":0,"10":0,"11":0},"f":{"0":0,"1":0,"2":0,"3":0},"b":{"0":[0,0],"1":[0,0]},"_coverageSchema":"1a1c01bbd47fc00a2c39e90264f33305004495a9","hash":"d2ecd76d43027dd2de7ef43c7fb466adecd4a47f"}
,"/Users/macbook/Desktop/saad/github-desktop/NY-News-App/src/services/local-storage/index.ts": {"path":"/Users/macbook/Desktop/saad/github-desktop/NY-News-App/src/services/local-storage/index.ts","statementMap":{"0":{"start":{"line":6,"column":11},"end":{"line":8,"column":2}},"1":{"start":{"line":7,"column":2},"end":{"line":7,"column":41}},"2":{"start":{"line":9,"column":9},"end":{"line":12,"column":2}},"3":{"start":{"line":10,"column":15},"end":{"line":10,"column":46}},"4":{"start":{"line":11,"column":2},"end":{"line":11,"column":14}},"5":{"start":{"line":13,"column":10},"end":{"line":15,"column":2}},"6":{"start":{"line":14,"column":2},"end":{"line":14,"column":37}}},"fnMap":{"0":{"name":"(anonymous_0)","decl":{"start":{"line":6,"column":11},"end":{"line":6,"column":12}},"loc":{"start":{"line":6,"column":63},"end":{"line":8,"column":2}},"line":6},"1":{"name":"(anonymous_1)","decl":{"start":{"line":9,"column":9},"end":{"line":9,"column":10}},"loc":{"start":{"line":9,"column":46},"end":{"line":12,"column":2}},"line":9},"2":{"name":"(anonymous_2)","decl":{"start":{"line":13,"column":10},"end":{"line":13,"column":11}},"loc":{"start":{"line":13,"column":47},"end":{"line":15,"column":2}},"line":13}},"branchMap":{},"s":{"0":12,"1":0,"2":12,"3":0,"4":0,"5":12,"6":0},"f":{"0":0,"1":0,"2":0},"b":{},"_coverageSchema":"1a1c01bbd47fc00a2c39e90264f33305004495a9","hash":"5991b53cbe7cfc1dbbbc38803283a53088851a6b"}
,"/Users/macbook/Desktop/saad/github-desktop/NY-News-App/src/services/search/index.ts": {"path":"/Users/macbook/Desktop/saad/github-desktop/NY-News-App/src/services/search/index.ts","statementMap":{"0":{"start":{"line":9,"column":27},"end":{"line":18,"column":2}},"1":{"start":{"line":10,"column":2},"end":{"line":17,"column":3}},"2":{"start":{"line":11,"column":29},"end":{"line":11,"column":110}},"3":{"start":{"line":12,"column":23},"end":{"line":12,"column":42}},"4":{"start":{"line":14,"column":3},"end":{"line":14,"column":69}},"5":{"start":{"line":16,"column":3},"end":{"line":16,"column":37}}},"fnMap":{"0":{"name":"(anonymous_0)","decl":{"start":{"line":9,"column":27},"end":{"line":9,"column":28}},"loc":{"start":{"line":9,"column":67},"end":{"line":18,"column":2}},"line":9}},"branchMap":{},"s":{"0":0,"1":0,"2":0,"3":0,"4":0,"5":0},"f":{"0":0},"b":{},"_coverageSchema":"1a1c01bbd47fc00a2c39e90264f33305004495a9","hash":"1c05d12a29762188173c1ec601bb5dbc5c7833ef"}
,"/Users/macbook/Desktop/saad/github-desktop/NY-News-App/src/state/action-types/auth/index.ts": {"path":"/Users/macbook/Desktop/saad/github-desktop/NY-News-App/src/state/action-types/auth/index.ts","statementMap":{"0":{"start":{"line":3,"column":29},"end":{"line":3,"column":44}},"1":{"start":{"line":4,"column":37},"end":{"line":4,"column":60}},"2":{"start":{"line":5,"column":37},"end":{"line":5,"column":60}},"3":{"start":{"line":7,"column":31},"end":{"line":7,"column":48}},"4":{"start":{"line":8,"column":39},"end":{"line":8,"column":64}},"5":{"start":{"line":9,"column":39},"end":{"line":9,"column":64}}},"fnMap":{},"branchMap":{},"s":{"0":6,"1":6,"2":6,"3":6,"4":6,"5":6},"f":{},"b":{},"_coverageSchema":"1a1c01bbd47fc00a2c39e90264f33305004495a9","hash":"11db2dd63886b4354e82ffe4f3c907bf55d8ee2a"}
,"/Users/macbook/Desktop/saad/github-desktop/NY-News-App/src/state/action-types/category/index.ts": {"path":"/Users/macbook/Desktop/saad/github-desktop/NY-News-App/src/state/action-types/category/index.ts","statementMap":{"0":{"start":{"line":3,"column":37},"end":{"line":3,"column":60}},"1":{"start":{"line":4,"column":38},"end":{"line":4,"column":62}},"2":{"start":{"line":5,"column":38},"end":{"line":5,"column":62}},"3":{"start":{"line":7,"column":39},"end":{"line":7,"column":64}},"4":{"start":{"line":8,"column":40},"end":{"line":8,"column":66}},"5":{"start":{"line":9,"column":40},"end":{"line":9,"column":66}}},"fnMap":{},"branchMap":{},"s":{"0":1,"1":1,"2":1,"3":1,"4":1,"5":1},"f":{},"b":{},"_coverageSchema":"1a1c01bbd47fc00a2c39e90264f33305004495a9","hash":"e1b8c51d413355efdc0a08899c91b57299871d38"}
,"/Users/macbook/Desktop/saad/github-desktop/NY-News-App/src/state/action-types/search/index.ts": {"path":"/Users/macbook/Desktop/saad/github-desktop/NY-News-App/src/state/action-types/search/index.ts","statementMap":{"0":{"start":{"line":3,"column":41},"end":{"line":3,"column":68}},"1":{"start":{"line":4,"column":42},"end":{"line":4,"column":70}},"2":{"start":{"line":5,"column":42},"end":{"line":5,"column":70}},"3":{"start":{"line":8,"column":1},"end":{"line":8,"column":38}},"4":{"start":{"line":10,"column":1},"end":{"line":10,"column":39}},"5":{"start":{"line":12,"column":1},"end":{"line":12,"column":39}}},"fnMap":{},"branchMap":{},"s":{"0":1,"1":1,"2":1,"3":1,"4":1,"5":1},"f":{},"b":{},"_coverageSchema":"1a1c01bbd47fc00a2c39e90264f33305004495a9","hash":"7a3e3013948372a2a2ba1233e0f65bfb98cbf71f"}
,"/Users/macbook/Desktop/saad/github-desktop/NY-News-App/src/state/actions/auth/index.ts": {"path":"/Users/macbook/Desktop/saad/github-desktop/NY-News-App/src/state/actions/auth/index.ts","statementMap":{"0":{"start":{"line":21,"column":20},"end":{"line":21,"column":37}},"1":{"start":{"line":22,"column":28},"end":{"line":22,"column":53}},"2":{"start":{"line":25,"column":1},"end":{"line":43,"column":2}},"3":{"start":{"line":26,"column":1},"end":{"line":43,"column":2}},"4":{"start":{"line":27,"column":2},"end":{"line":27,"column":36}},"5":{"start":{"line":29,"column":2},"end":{"line":42,"column":3}},"6":{"start":{"line":30,"column":20},"end":{"line":30,"column":56}},"7":{"start":{"line":31,"column":28},"end":{"line":31,"column":42}},"8":{"start":{"line":33,"column":3},"end":{"line":36,"column":6}},"9":{"start":{"line":37,"column":3},"end":{"line":37,"column":65}},"10":{"start":{"line":39,"column":3},"end":{"line":39,"column":55}},"11":{"start":{"line":40,"column":3},"end":{"line":40,"column":45}},"12":{"start":{"line":41,"column":3},"end":{"line":41,"column":22}},"13":{"start":{"line":46,"column":1},"end":{"line":64,"column":2}},"14":{"start":{"line":47,"column":1},"end":{"line":64,"column":2}},"15":{"start":{"line":48,"column":2},"end":{"line":48,"column":38}},"16":{"start":{"line":50,"column":2},"end":{"line":63,"column":3}},"17":{"start":{"line":51,"column":20},"end":{"line":51,"column":57}},"18":{"start":{"line":52,"column":28},"end":{"line":52,"column":42}},"19":{"start":{"line":54,"column":3},"end":{"line":57,"column":6}},"20":{"start":{"line":58,"column":3},"end":{"line":58,"column":65}},"21":{"start":{"line":59,"column":3},"end":{"line":59,"column":52}},"22":{"start":{"line":61,"column":3},"end":{"line":61,"column":47}},"23":{"start":{"line":62,"column":3},"end":{"line":62,"column":22}}},"fnMap":{"0":{"name":"(anonymous_0)","decl":{"start":{"line":25,"column":1},"end":{"line":25,"column":2}},"loc":{"start":{"line":26,"column":1},"end":{"line":43,"column":2}},"line":26},"1":{"name":"(anonymous_1)","decl":{"start":{"line":26,"column":1},"end":{"line":26,"column":2}},"loc":{"start":{"line":26,"column":56},"end":{"line":43,"column":2}},"line":26},"2":{"name":"(anonymous_2)","decl":{"start":{"line":46,"column":1},"end":{"line":46,"column":2}},"loc":{"start":{"line":47,"column":1},"end":{"line":64,"column":2}},"line":47},"3":{"name":"(anonymous_3)","decl":{"start":{"line":47,"column":1},"end":{"line":47,"column":2}},"loc":{"start":{"line":47,"column":56},"end":{"line":64,"column":2}},"line":47}},"branchMap":{"0":{"loc":{"start":{"line":59,"column":3},"end":{"line":59,"column":51}},"type":"binary-expr","locations":[{"start":{"line":59,"column":3},"end":{"line":59,"column":13}},{"start":{"line":59,"column":17},"end":{"line":59,"column":51}}],"line":59}},"s":{"0":6,"1":6,"2":6,"3":1,"4":0,"5":0,"6":0,"7":0,"8":0,"9":0,"10":0,"11":0,"12":0,"13":6,"14":1,"15":0,"16":0,"17":0,"18":0,"19":0,"20":0,"21":0,"22":0,"23":0},"f":{"0":1,"1":0,"2":1,"3":0},"b":{"0":[0,0]},"_coverageSchema":"1a1c01bbd47fc00a2c39e90264f33305004495a9","hash":"865c48dde03e1169a4bcc43afd0e920a84948f42"}
,"/Users/macbook/Desktop/saad/github-desktop/NY-News-App/src/state/reducers/index.ts": {"path":"/Users/macbook/Desktop/saad/github-desktop/NY-News-App/src/state/reducers/index.ts","statementMap":{"0":{"start":{"line":6,"column":29},"end":{"line":10,"column":1}},"1":{"start":{"line":12,"column":20},"end":{"line":14,"column":2}}},"fnMap":{},"branchMap":{},"s":{"0":1,"1":1},"f":{},"b":{},"_coverageSchema":"1a1c01bbd47fc00a2c39e90264f33305004495a9","hash":"f4ad224b5a282267763c6ce1ade85122fd80197f"}
,"/Users/macbook/Desktop/saad/github-desktop/NY-News-App/src/state/reducers/features/auth.ts": {"path":"/Users/macbook/Desktop/saad/github-desktop/NY-News-App/src/state/reducers/features/auth.ts","statementMap":{"0":{"start":{"line":12,"column":22},"end":{"line":15,"column":1}},"1":{"start":{"line":17,"column":28},"end":{"line":63,"column":1}},"2":{"start":{"line":21,"column":1},"end":{"line":62,"column":2}},"3":{"start":{"line":23,"column":3},"end":{"line":26,"column":5}},"4":{"start":{"line":29,"column":3},"end":{"line":33,"column":5}},"5":{"start":{"line":36,"column":3},"end":{"line":39,"column":5}},"6":{"start":{"line":42,"column":3},"end":{"line":45,"column":5}},"7":{"start":{"line":48,"column":3},"end":{"line":51,"column":5}},"8":{"start":{"line":54,"column":3},"end":{"line":57,"column":5}},"9":{"start":{"line":61,"column":3},"end":{"line":61,"column":16}}},"fnMap":{"0":{"name":"(anonymous_0)","decl":{"start":{"line":17,"column":28},"end":{"line":17,"column":29}},"loc":{"start":{"line":20,"column":18},"end":{"line":63,"column":1}},"line":20}},"branchMap":{"0":{"loc":{"start":{"line":18,"column":1},"end":{"line":18,"column":22}},"type":"default-arg","locations":[{"start":{"line":18,"column":9},"end":{"line":18,"column":22}}],"line":18},"1":{"loc":{"start":{"line":21,"column":1},"end":{"line":62,"column":2}},"type":"switch","locations":[{"start":{"line":22,"column":2},"end":{"line":27,"column":3}},{"start":{"line":28,"column":2},"end":{"line":34,"column":3}},{"start":{"line":35,"column":2},"end":{"line":40,"column":3}},{"start":{"line":41,"column":2},"end":{"line":46,"column":3}},{"start":{"line":47,"column":2},"end":{"line":52,"column":3}},{"start":{"line":53,"column":2},"end":{"line":58,"column":3}},{"start":{"line":60,"column":2},"end":{"line":61,"column":16}}],"line":21}},"s":{"0":1,"1":1,"2":7,"3":0,"4":0,"5":0,"6":0,"7":0,"8":0,"9":7},"f":{"0":7},"b":{"0":[5],"1":[0,0,0,0,0,0,7]},"_coverageSchema":"1a1c01bbd47fc00a2c39e90264f33305004495a9","hash":"6a9aa0700e80878f15fbe34dd04fba04dfde0882"}
,"/Users/macbook/Desktop/saad/github-desktop/NY-News-App/src/state/reducers/features/category.ts": {"path":"/Users/macbook/Desktop/saad/github-desktop/NY-News-App/src/state/reducers/features/category.ts","statementMap":{"0":{"start":{"line":10,"column":22},"end":{"line":15,"column":1}},"1":{"start":{"line":17,"column":30},"end":{"line":55,"column":1}},"2":{"start":{"line":21,"column":1},"end":{"line":54,"column":2}},"3":{"start":{"line":23,"column":3},"end":{"line":23,"column":45}},"4":{"start":{"line":26,"column":3},"end":{"line":30,"column":5}},"5":{"start":{"line":34,"column":3},"end":{"line":34,"column":46}},"6":{"start":{"line":38,"column":3},"end":{"line":38,"column":45}},"7":{"start":{"line":41,"column":3},"end":{"line":45,"column":5}},"8":{"start":{"line":49,"column":3},"end":{"line":49,"column":46}},"9":{"start":{"line":53,"column":3},"end":{"line":53,"column":16}}},"fnMap":{"0":{"name":"(anonymous_0)","decl":{"start":{"line":17,"column":30},"end":{"line":17,"column":31}},"loc":{"start":{"line":20,"column":18},"end":{"line":55,"column":1}},"line":20}},"branchMap":{"0":{"loc":{"start":{"line":18,"column":1},"end":{"line":18,"column":22}},"type":"default-arg","locations":[{"start":{"line":18,"column":9},"end":{"line":18,"column":22}}],"line":18},"1":{"loc":{"start":{"line":21,"column":1},"end":{"line":54,"column":2}},"type":"switch","locations":[{"start":{"line":22,"column":2},"end":{"line":24,"column":3}},{"start":{"line":25,"column":2},"end":{"line":31,"column":3}},{"start":{"line":33,"column":2},"end":{"line":35,"column":3}},{"start":{"line":37,"column":2},"end":{"line":39,"column":3}},{"start":{"line":40,"column":2},"end":{"line":46,"column":3}},{"start":{"line":48,"column":2},"end":{"line":50,"column":3}},{"start":{"line":52,"column":2},"end":{"line":53,"column":16}}],"line":21}},"s":{"0":1,"1":1,"2":7,"3":0,"4":0,"5":0,"6":0,"7":0,"8":0,"9":7},"f":{"0":7},"b":{"0":[5],"1":[0,0,0,0,0,0,7]},"_coverageSchema":"1a1c01bbd47fc00a2c39e90264f33305004495a9","hash":"38b988f5d2732f9999fb9bfea779c53149f62a12"}
,"/Users/macbook/Desktop/saad/github-desktop/NY-News-App/src/state/reducers/features/index.ts": {"path":"/Users/macbook/Desktop/saad/github-desktop/NY-News-App/src/state/reducers/features/index.ts","statementMap":{"0":{"start":{"line":6,"column":24},"end":{"line":10,"column":2}}},"fnMap":{},"branchMap":{},"s":{"0":1},"f":{},"b":{},"_coverageSchema":"1a1c01bbd47fc00a2c39e90264f33305004495a9","hash":"b4fe1f297cf49184a0ea3e7314b9f4ea8aaeb664"}
,"/Users/macbook/Desktop/saad/github-desktop/NY-News-App/src/state/reducers/features/search.ts": {"path":"/Users/macbook/Desktop/saad/github-desktop/NY-News-App/src/state/reducers/features/search.ts","statementMap":{"0":{"start":{"line":12,"column":22},"end":{"line":16,"column":1}},"1":{"start":{"line":18,"column":28},"end":{"line":56,"column":1}},"2":{"start":{"line":22,"column":1},"end":{"line":55,"column":2}},"3":{"start":{"line":24,"column":3},"end":{"line":24,"column":37}},"4":{"start":{"line":27,"column":3},"end":{"line":32,"column":5}},"5":{"start":{"line":36,"column":3},"end":{"line":36,"column":46}},"6":{"start":{"line":40,"column":3},"end":{"line":40,"column":37}},"7":{"start":{"line":43,"column":3},"end":{"line":46,"column":5}},"8":{"start":{"line":50,"column":3},"end":{"line":50,"column":46}},"9":{"start":{"line":54,"column":3},"end":{"line":54,"column":16}}},"fnMap":{"0":{"name":"(anonymous_0)","decl":{"start":{"line":18,"column":28},"end":{"line":18,"column":29}},"loc":{"start":{"line":21,"column":18},"end":{"line":56,"column":1}},"line":21}},"branchMap":{"0":{"loc":{"start":{"line":19,"column":1},"end":{"line":19,"column":22}},"type":"default-arg","locations":[{"start":{"line":19,"column":9},"end":{"line":19,"column":22}}],"line":19},"1":{"loc":{"start":{"line":22,"column":1},"end":{"line":55,"column":2}},"type":"switch","locations":[{"start":{"line":23,"column":2},"end":{"line":25,"column":3}},{"start":{"line":26,"column":2},"end":{"line":33,"column":3}},{"start":{"line":35,"column":2},"end":{"line":37,"column":3}},{"start":{"line":39,"column":2},"end":{"line":41,"column":3}},{"start":{"line":42,"column":2},"end":{"line":47,"column":3}},{"start":{"line":49,"column":2},"end":{"line":51,"column":3}},{"start":{"line":53,"column":2},"end":{"line":54,"column":16}}],"line":22}},"s":{"0":1,"1":1,"2":7,"3":0,"4":0,"5":0,"6":0,"7":0,"8":0,"9":7},"f":{"0":7},"b":{"0":[5],"1":[0,0,0,0,0,0,7]},"_coverageSchema":"1a1c01bbd47fc00a2c39e90264f33305004495a9","hash":"829e5744437d98301a43ae05042013f792901d1f"}
,"/Users/macbook/Desktop/saad/github-desktop/NY-News-App/src/state/selectors/features/auth/index.ts": {"path":"/Users/macbook/Desktop/saad/github-desktop/NY-News-App/src/state/selectors/features/auth/index.ts","statementMap":{"0":{"start":{"line":6,"column":21},"end":{"line":6,"column":66}},"1":{"start":{"line":6,"column":45},"end":{"line":6,"column":66}},"2":{"start":{"line":8,"column":20},"end":{"line":8,"column":66}},"3":{"start":{"line":8,"column":60},"end":{"line":8,"column":65}},"4":{"start":{"line":10,"column":30},"end":{"line":12,"column":1}},"5":{"start":{"line":11,"column":1},"end":{"line":11,"column":30}},"6":{"start":{"line":14,"column":25},"end":{"line":16,"column":1}},"7":{"start":{"line":15,"column":1},"end":{"line":15,"column":27}}},"fnMap":{"0":{"name":"(anonymous_0)","decl":{"start":{"line":6,"column":21},"end":{"line":6,"column":22}},"loc":{"start":{"line":6,"column":45},"end":{"line":6,"column":66}},"line":6},"1":{"name":"(anonymous_1)","decl":{"start":{"line":8,"column":49},"end":{"line":8,"column":50}},"loc":{"start":{"line":8,"column":60},"end":{"line":8,"column":65}},"line":8},"2":{"name":"(anonymous_2)","decl":{"start":{"line":10,"column":51},"end":{"line":10,"column":52}},"loc":{"start":{"line":11,"column":1},"end":{"line":11,"column":30}},"line":11},"3":{"name":"(anonymous_3)","decl":{"start":{"line":14,"column":46},"end":{"line":14,"column":47}},"loc":{"start":{"line":15,"column":1},"end":{"line":15,"column":27}},"line":15}},"branchMap":{},"s":{"0":6,"1":0,"2":6,"3":0,"4":6,"5":0,"6":6,"7":0},"f":{"0":0,"1":0,"2":0,"3":0},"b":{},"_coverageSchema":"1a1c01bbd47fc00a2c39e90264f33305004495a9","hash":"3db06021f0c2efe04a220305a1a2d2e786c80641"}
,"/Users/macbook/Desktop/saad/github-desktop/NY-News-App/src/state/selectors/features/category/index.ts": {"path":"/Users/macbook/Desktop/saad/github-desktop/NY-News-App/src/state/selectors/features/category/index.ts","statementMap":{"0":{"start":{"line":4,"column":21},"end":{"line":4,"column":70}},"1":{"start":{"line":4,"column":45},"end":{"line":4,"column":70}},"2":{"start":{"line":6,"column":20},"end":{"line":6,"column":66}},"3":{"start":{"line":6,"column":60},"end":{"line":6,"column":65}},"4":{"start":{"line":8,"column":27},"end":{"line":10,"column":1}},"5":{"start":{"line":9,"column":1},"end":{"line":9,"column":30}},"6":{"start":{"line":12,"column":25},"end":{"line":14,"column":1}},"7":{"start":{"line":13,"column":2},"end":{"line":13,"column":28}}},"fnMap":{"0":{"name":"(anonymous_0)","decl":{"start":{"line":4,"column":21},"end":{"line":4,"column":22}},"loc":{"start":{"line":4,"column":45},"end":{"line":4,"column":70}},"line":4},"1":{"name":"(anonymous_1)","decl":{"start":{"line":6,"column":49},"end":{"line":6,"column":50}},"loc":{"start":{"line":6,"column":60},"end":{"line":6,"column":65}},"line":6},"2":{"name":"(anonymous_2)","decl":{"start":{"line":8,"column":48},"end":{"line":8,"column":49}},"loc":{"start":{"line":9,"column":1},"end":{"line":9,"column":30}},"line":9},"3":{"name":"(anonymous_3)","decl":{"start":{"line":12,"column":46},"end":{"line":12,"column":47}},"loc":{"start":{"line":13,"column":2},"end":{"line":13,"column":28}},"line":13}},"branchMap":{},"s":{"0":6,"1":0,"2":6,"3":0,"4":6,"5":0,"6":6,"7":0},"f":{"0":0,"1":0,"2":0,"3":0},"b":{},"_coverageSchema":"1a1c01bbd47fc00a2c39e90264f33305004495a9","hash":"39a6786f0777f3aea00e3d1a339d2c81fd4aa892"}
,"/Users/macbook/Desktop/saad/github-desktop/NY-News-App/src/state/selectors/features/search/index.ts": {"path":"/Users/macbook/Desktop/saad/github-desktop/NY-News-App/src/state/selectors/features/search/index.ts","statementMap":{"0":{"start":{"line":6,"column":21},"end":{"line":6,"column":68}},"1":{"start":{"line":6,"column":45},"end":{"line":6,"column":68}},"2":{"start":{"line":8,"column":20},"end":{"line":8,"column":66}},"3":{"start":{"line":8,"column":60},"end":{"line":8,"column":65}},"4":{"start":{"line":10,"column":29},"end":{"line":12,"column":1}},"5":{"start":{"line":11,"column":1},"end":{"line":11,"column":28}},"6":{"start":{"line":14,"column":33},"end":{"line":16,"column":1}},"7":{"start":{"line":15,"column":1},"end":{"line":15,"column":29}},"8":{"start":{"line":18,"column":25},"end":{"line":20,"column":1}},"9":{"start":{"line":19,"column":1},"end":{"line":19,"column":27}}},"fnMap":{"0":{"name":"(anonymous_0)","decl":{"start":{"line":6,"column":21},"end":{"line":6,"column":22}},"loc":{"start":{"line":6,"column":45},"end":{"line":6,"column":68}},"line":6},"1":{"name":"(anonymous_1)","decl":{"start":{"line":8,"column":49},"end":{"line":8,"column":50}},"loc":{"start":{"line":8,"column":60},"end":{"line":8,"column":65}},"line":8},"2":{"name":"(anonymous_2)","decl":{"start":{"line":10,"column":50},"end":{"line":10,"column":51}},"loc":{"start":{"line":11,"column":1},"end":{"line":11,"column":28}},"line":11},"3":{"name":"(anonymous_3)","decl":{"start":{"line":14,"column":54},"end":{"line":14,"column":55}},"loc":{"start":{"line":15,"column":1},"end":{"line":15,"column":29}},"line":15},"4":{"name":"(anonymous_4)","decl":{"start":{"line":18,"column":46},"end":{"line":18,"column":47}},"loc":{"start":{"line":19,"column":1},"end":{"line":19,"column":27}},"line":19}},"branchMap":{},"s":{"0":6,"1":0,"2":6,"3":0,"4":6,"5":0,"6":6,"7":0,"8":6,"9":0},"f":{"0":0,"1":0,"2":0,"3":0,"4":0},"b":{},"_coverageSchema":"1a1c01bbd47fc00a2c39e90264f33305004495a9","hash":"ce67121d7e0e1bd417d683d5618bf07f54a37bb7"}
,"/Users/macbook/Desktop/saad/github-desktop/NY-News-App/src/state/store/index.ts": {"path":"/Users/macbook/Desktop/saad/github-desktop/NY-News-App/src/state/store/index.ts","statementMap":{"0":{"start":{"line":6,"column":20},"end":{"line":6,"column":37}},"1":{"start":{"line":8,"column":21},"end":{"line":12,"column":1}},"2":{"start":{"line":17,"column":20},"end":{"line":17,"column":45}},"3":{"start":{"line":18,"column":2},"end":{"line":18,"column":28}}},"fnMap":{"0":{"name":"(anonymous_0)","decl":{"start":{"line":16,"column":15},"end":{"line":16,"column":16}},"loc":{"start":{"line":16,"column":21},"end":{"line":19,"column":1}},"line":16}},"branchMap":{},"s":{"0":1,"1":1,"2":1,"3":1},"f":{"0":1},"b":{},"_coverageSchema":"1a1c01bbd47fc00a2c39e90264f33305004495a9","hash":"a0c53f080214f35f80f7d0cf3e7b0c20d1b185e5"}
,"/Users/macbook/Desktop/saad/github-desktop/NY-News-App/src/utils/staticTexts.ts": {"path":"/Users/macbook/Desktop/saad/github-desktop/NY-News-App/src/utils/staticTexts.ts","statementMap":{"0":{"start":{"line":3,"column":19},"end":{"line":12,"column":1}}},"fnMap":{},"branchMap":{},"s":{"0":6},"f":{},"b":{},"_coverageSchema":"1a1c01bbd47fc00a2c39e90264f33305004495a9","hash":"0071527e8bbcd869327387d901de48947954002a"}
,"/Users/macbook/Desktop/saad/github-desktop/NY-News-App/src/utils/api/index.ts": {"path":"/Users/macbook/Desktop/saad/github-desktop/NY-News-App/src/utils/api/index.ts","statementMap":{"0":{"start":{"line":4,"column":37},"end":{"line":36,"column":1}},"1":{"start":{"line":6,"column":24},"end":{"line":11,"column":3}},"2":{"start":{"line":13,"column":4},"end":{"line":34,"column":3}},"3":{"start":{"line":14,"column":4},"end":{"line":20,"column":6}},"4":{"start":{"line":21,"column":9},"end":{"line":34,"column":3}},"5":{"start":{"line":22,"column":22},"end":{"line":22,"column":35}},"6":{"start":{"line":23,"column":4},"end":{"line":28,"column":6}},"7":{"start":{"line":29,"column":9},"end":{"line":34,"column":3}},"8":{"start":{"line":30,"column":4},"end":{"line":33,"column":6}},"9":{"start":{"line":35,"column":2},"end":{"line":35,"column":23}},"10":{"start":{"line":38,"column":36},"end":{"line":45,"column":1}},"11":{"start":{"line":39,"column":2},"end":{"line":43,"column":3}},"12":{"start":{"line":40,"column":4},"end":{"line":40,"column":80}},"13":{"start":{"line":41,"column":9},"end":{"line":43,"column":3}},"14":{"start":{"line":42,"column":4},"end":{"line":42,"column":78}},"15":{"start":{"line":44,"column":2},"end":{"line":44,"column":38}}},"fnMap":{"0":{"name":"(anonymous_0)","decl":{"start":{"line":4,"column":37},"end":{"line":4,"column":38}},"loc":{"start":{"line":5,"column":32},"end":{"line":36,"column":1}},"line":5},"1":{"name":"(anonymous_1)","decl":{"start":{"line":38,"column":36},"end":{"line":38,"column":37}},"loc":{"start":{"line":38,"column":117},"end":{"line":45,"column":1}},"line":38}},"branchMap":{"0":{"loc":{"start":{"line":10,"column":16},"end":{"line":10,"column":57}},"type":"binary-expr","locations":[{"start":{"line":10,"column":16},"end":{"line":10,"column":33}},{"start":{"line":10,"column":37},"end":{"line":10,"column":57}}],"line":10},"1":{"loc":{"start":{"line":13,"column":4},"end":{"line":34,"column":3}},"type":"if","locations":[{"start":{"line":13,"column":4},"end":{"line":34,"column":3}},{"start":{"line":21,"column":9},"end":{"line":34,"column":3}}],"line":13},"2":{"loc":{"start":{"line":15,"column":12},"end":{"line":15,"column":50}},"type":"binary-expr","locations":[{"start":{"line":15,"column":12},"end":{"line":15,"column":32}},{"start":{"line":15,"column":36},"end":{"line":15,"column":50}}],"line":15},"3":{"loc":{"start":{"line":16,"column":21},"end":{"line":16,"column":108}},"type":"binary-expr","locations":[{"start":{"line":16,"column":21},"end":{"line":16,"column":48}},{"start":{"line":16,"column":52},"end":{"line":16,"column":75}},{"start":{"line":16,"column":79},"end":{"line":16,"column":108}}],"line":16},"4":{"loc":{"start":{"line":19,"column":18},"end":{"line":19,"column":65}},"type":"binary-expr","locations":[{"start":{"line":19,"column":18},"end":{"line":19,"column":38}},{"start":{"line":19,"column":42},"end":{"line":19,"column":65}}],"line":19},"5":{"loc":{"start":{"line":21,"column":9},"end":{"line":34,"column":3}},"type":"if","locations":[{"start":{"line":21,"column":9},"end":{"line":34,"column":3}},{"start":{"line":29,"column":9},"end":{"line":34,"column":3}}],"line":21},"6":{"loc":{"start":{"line":26,"column":18},"end":{"line":26,"column":65}},"type":"binary-expr","locations":[{"start":{"line":26,"column":18},"end":{"line":26,"column":45}},{"start":{"line":26,"column":49},"end":{"line":26,"column":65}}],"line":26},"7":{"loc":{"start":{"line":29,"column":9},"end":{"line":34,"column":3}},"type":"if","locations":[{"start":{"line":29,"column":9},"end":{"line":34,"column":3}},{"start":{},"end":{}}],"line":29},"8":{"loc":{"start":{"line":39,"column":2},"end":{"line":43,"column":3}},"type":"if","locations":[{"start":{"line":39,"column":2},"end":{"line":43,"column":3}},{"start":{"line":41,"column":9},"end":{"line":43,"column":3}}],"line":39},"9":{"loc":{"start":{"line":41,"column":9},"end":{"line":43,"column":3}},"type":"if","locations":[{"start":{"line":41,"column":9},"end":{"line":43,"column":3}},{"start":{},"end":{}}],"line":41}},"s":{"0":6,"1":0,"2":0,"3":0,"4":0,"5":0,"6":0,"7":0,"8":0,"9":0,"10":6,"11":0,"12":0,"13":0,"14":0,"15":0},"f":{"0":0,"1":0},"b":{"0":[0,0],"1":[0,0],"2":[0,0],"3":[0,0,0],"4":[0,0],"5":[0,0],"6":[0,0],"7":[0,0],"8":[0,0],"9":[0,0]},"_coverageSchema":"1a1c01bbd47fc00a2c39e90264f33305004495a9","hash":"4a0a69aa33e8eb2e50b792cc34af3b07f02765d4"}
,"/Users/macbook/Desktop/saad/github-desktop/NY-News-App/src/utils/date-formats/index.tsx": {"path":"/Users/macbook/Desktop/saad/github-desktop/NY-News-App/src/utils/date-formats/index.tsx","statementMap":{"0":{"start":{"line":3,"column":25},"end":{"line":11,"column":1}},"1":{"start":{"line":4,"column":14},"end":{"line":4,"column":33}},"2":{"start":{"line":5,"column":13},"end":{"line":5,"column":28}},"3":{"start":{"line":6,"column":15},"end":{"line":6,"column":35}},"4":{"start":{"line":7,"column":14},"end":{"line":7,"column":33}},"5":{"start":{"line":8,"column":1},"end":{"line":8,"column":49}},"6":{"start":{"line":8,"column":11},"end":{"line":8,"column":49}},"7":{"start":{"line":10,"column":1},"end":{"line":10,"column":11}}},"fnMap":{"0":{"name":"(anonymous_0)","decl":{"start":{"line":3,"column":25},"end":{"line":3,"column":26}},"loc":{"start":{"line":3,"column":53},"end":{"line":11,"column":1}},"line":3}},"branchMap":{"0":{"loc":{"start":{"line":8,"column":1},"end":{"line":8,"column":49}},"type":"if","locations":[{"start":{"line":8,"column":1},"end":{"line":8,"column":49}},{"start":{},"end":{}}],"line":8}},"s":{"0":6,"1":0,"2":0,"3":0,"4":0,"5":0,"6":0,"7":0},"f":{"0":0},"b":{"0":[0,0]},"_coverageSchema":"1a1c01bbd47fc00a2c39e90264f33305004495a9","hash":"4fd549209481ec7081dfd1071892420202369b16"}
,"/Users/macbook/Desktop/saad/github-desktop/NY-News-App/src/utils/splitted-value/index.tsx": {"path":"/Users/macbook/Desktop/saad/github-desktop/NY-News-App/src/utils/splitted-value/index.tsx","statementMap":{"0":{"start":{"line":3,"column":24},"end":{"line":6,"column":1}},"1":{"start":{"line":4,"column":1},"end":{"line":4,"column":37}},"2":{"start":{"line":4,"column":12},"end":{"line":4,"column":37}},"3":{"start":{"line":5,"column":1},"end":{"line":5,"column":11}}},"fnMap":{"0":{"name":"(anonymous_0)","decl":{"start":{"line":3,"column":24},"end":{"line":3,"column":25}},"loc":{"start":{"line":3,"column":48},"end":{"line":6,"column":1}},"line":3}},"branchMap":{"0":{"loc":{"start":{"line":4,"column":1},"end":{"line":4,"column":37}},"type":"if","locations":[{"start":{"line":4,"column":1},"end":{"line":4,"column":37}},{"start":{},"end":{}}],"line":4}},"s":{"0":6,"1":3,"2":3,"3":0},"f":{"0":3},"b":{"0":[3,0]},"_coverageSchema":"1a1c01bbd47fc00a2c39e90264f33305004495a9","hash":"198840af1a1b080556201081f749c93a86cb7d2a"}
,"/Users/macbook/Desktop/saad/github-desktop/NY-News-App/src/utils/theme/colors.ts": {"path":"/Users/macbook/Desktop/saad/github-desktop/NY-News-App/src/utils/theme/colors.ts","statementMap":{"0":{"start":{"line":1,"column":16},"end":{"line":10,"column":1}}},"fnMap":{},"branchMap":{},"s":{"0":9},"f":{},"b":{},"_coverageSchema":"1a1c01bbd47fc00a2c39e90264f33305004495a9","hash":"64acae6ef18b3dc2f050860bfec7b28f3317c004"}
,"/Users/macbook/Desktop/saad/github-desktop/NY-News-App/src/utils/theme/images.ts": {"path":"/Users/macbook/Desktop/saad/github-desktop/NY-News-App/src/utils/theme/images.ts","statementMap":{},"fnMap":{},"branchMap":{},"s":{},"f":{},"b":{},"_coverageSchema":"1a1c01bbd47fc00a2c39e90264f33305004495a9","hash":"aa8796a9851a255db23cb809311c89479290c48d"}
,"/Users/macbook/Desktop/saad/github-desktop/NY-News-App/src/utils/theme/index.ts": {"path":"/Users/macbook/Desktop/saad/github-desktop/NY-News-App/src/utils/theme/index.ts","statementMap":{},"fnMap":{},"branchMap":{},"s":{},"f":{},"b":{},"_coverageSchema":"1a1c01bbd47fc00a2c39e90264f33305004495a9","hash":"6d96434b7567a0127f4dd0fca02d5ccf329af1e9"}
}
