{"/Users/macbook/Desktop/saad/github-desktop/NY-News-App/src/components/product-filters/index.tsx": {"path":"/Users/macbook/Desktop/saad/github-desktop/NY-News-App/src/components/product-filters/index.tsx","statementMap":{"0":{"start":{"line":10,"column":24},"end":{"line":66,"column":1}},"1":{"start":{"line":11,"column":31},"end":{"line":11,"column":44}},"2":{"start":{"line":13,"column":25},"end":{"line":26,"column":3}},"3":{"start":{"line":18,"column":19},"end":{"line":18,"column":49}},"4":{"start":{"line":24,"column":19},"end":{"line":24,"column":51}},"5":{"start":{"line":28,"column":23},"end":{"line":37,"column":2}},"6":{"start":{"line":29,"column":21},"end":{"line":35,"column":4}},"7":{"start":{"line":30,"column":3},"end":{"line":33,"column":4}},"8":{"start":{"line":31,"column":4},"end":{"line":31,"column":39}},"9":{"start":{"line":32,"column":4},"end":{"line":32,"column":39}},"10":{"start":{"line":34,"column":3},"end":{"line":34,"column":39}},"11":{"start":{"line":36,"column":2},"end":{"line":36,"column":22}},"12":{"start":{"line":38,"column":1},"end":{"line":40,"column":8}},"13":{"start":{"line":39,"column":2},"end":{"line":39,"column":19}},"14":{"start":{"line":42,"column":1},"end":{"line":65,"column":3}},"15":{"start":{"line":48,"column":5},"end":{"line":62,"column":7}},"16":{"start":{"line":52,"column":22},"end":{"line":52,"column":42}}},"fnMap":{"0":{"name":"(anonymous_0)","decl":{"start":{"line":10,"column":24},"end":{"line":10,"column":25}},"loc":{"start":{"line":10,"column":66},"end":{"line":66,"column":1}},"line":10},"1":{"name":"(anonymous_1)","decl":{"start":{"line":18,"column":13},"end":{"line":18,"column":14}},"loc":{"start":{"line":18,"column":19},"end":{"line":18,"column":49}},"line":18},"2":{"name":"(anonymous_2)","decl":{"start":{"line":24,"column":13},"end":{"line":24,"column":14}},"loc":{"start":{"line":24,"column":19},"end":{"line":24,"column":51}},"line":24},"3":{"name":"(anonymous_3)","decl":{"start":{"line":28,"column":23},"end":{"line":28,"column":24}},"loc":{"start":{"line":28,"column":42},"end":{"line":37,"column":2}},"line":28},"4":{"name":"(anonymous_4)","decl":{"start":{"line":29,"column":31},"end":{"line":29,"column":32}},"loc":{"start":{"line":29,"column":44},"end":{"line":35,"column":3}},"line":29},"5":{"name":"(anonymous_5)","decl":{"start":{"line":38,"column":11},"end":{"line":38,"column":12}},"loc":{"start":{"line":38,"column":17},"end":{"line":40,"column":2}},"line":38},"6":{"name":"(anonymous_6)","decl":{"start":{"line":47,"column":14},"end":{"line":47,"column":15}},"loc":{"start":{"line":47,"column":50},"end":{"line":63,"column":5}},"line":47},"7":{"name":"(anonymous_7)","decl":{"start":{"line":52,"column":16},"end":{"line":52,"column":17}},"loc":{"start":{"line":52,"column":22},"end":{"line":52,"column":42}},"line":52}},"branchMap":{"0":{"loc":{"start":{"line":10,"column":27},"end":{"line":10,"column":59}},"type":"default-arg","locations":[{"start":{"line":10,"column":36},"end":{"line":10,"column":59}}],"line":10},"1":{"loc":{"start":{"line":30,"column":3},"end":{"line":33,"column":4}},"type":"if","locations":[{"start":{"line":30,"column":3},"end":{"line":33,"column":4}},{"start":{},"end":{}}],"line":30},"2":{"loc":{"start":{"line":31,"column":4},"end":{"line":31,"column":38}},"type":"binary-expr","locations":[{"start":{"line":31,"column":4},"end":{"line":31,"column":18}},{"start":{"line":31,"column":22},"end":{"line":31,"column":38}}],"line":31},"3":{"loc":{"start":{"line":46,"column":4},"end":{"line":63,"column":6}},"type":"binary-expr","locations":[{"start":{"line":46,"column":4},"end":{"line":46,"column":8}},{"start":{"line":47,"column":4},"end":{"line":63,"column":6}}],"line":46},"4":{"loc":{"start":{"line":57,"column":26},"end":{"line":57,"column":70}},"type":"cond-expr","locations":[{"start":{"line":57,"column":37},"end":{"line":57,"column":51}},{"start":{"line":57,"column":54},"end":{"line":57,"column":70}}],"line":57},"5":{"loc":{"start":{"line":60,"column":8},"end":{"line":60,"column":61}},"type":"binary-expr","locations":[{"start":{"line":60,"column":8},"end":{"line":60,"column":13}},{"start":{"line":60,"column":17},"end":{"line":60,"column":61}}],"line":60}},"s":{"0":1,"1":4,"2":4,"3":2,"4":0,"5":4,"6":2,"7":4,"8":2,"9":2,"10":2,"11":2,"12":4,"13":2,"14":4,"15":8,"16":0},"f":{"0":4,"1":2,"2":0,"3":2,"4":4,"5":2,"6":8,"7":0},"b":{"0":[4],"1":[2,2],"2":[2,2],"3":[4,4],"4":[4,4],"5":[8,8]},"_coverageSchema":"1a1c01bbd47fc00a2c39e90264f33305004495a9","hash":"2863b15456e76b40dc797b4020269ecd4bb66975"}
,"/Users/macbook/Desktop/saad/github-desktop/NY-News-App/src/components/product-filters/styled.ts": {"path":"/Users/macbook/Desktop/saad/github-desktop/NY-News-App/src/components/product-filters/styled.ts","statementMap":{"0":{"start":{"line":6,"column":33},"end":{"line":28,"column":2}}},"fnMap":{},"branchMap":{},"s":{"0":1},"f":{},"b":{},"_coverageSchema":"1a1c01bbd47fc00a2c39e90264f33305004495a9","hash":"34ace0a348cdd86aaefec8f9411ae7181bb739b9"}
,"/Users/macbook/Desktop/saad/github-desktop/NY-News-App/src/utils/theme/colors.ts": {"path":"/Users/macbook/Desktop/saad/github-desktop/NY-News-App/src/utils/theme/colors.ts","statementMap":{"0":{"start":{"line":1,"column":16},"end":{"line":10,"column":1}}},"fnMap":{},"branchMap":{},"s":{"0":1},"f":{},"b":{},"_coverageSchema":"1a1c01bbd47fc00a2c39e90264f33305004495a9","hash":"64acae6ef18b3dc2f050860bfec7b28f3317c004"}
,"/Users/macbook/Desktop/saad/github-desktop/NY-News-App/src/utils/theme/images.ts": {"path":"/Users/macbook/Desktop/saad/github-desktop/NY-News-App/src/utils/theme/images.ts","statementMap":{},"fnMap":{},"branchMap":{},"s":{},"f":{},"b":{},"_coverageSchema":"1a1c01bbd47fc00a2c39e90264f33305004495a9","hash":"aa8796a9851a255db23cb809311c89479290c48d"}
,"/Users/macbook/Desktop/saad/github-desktop/NY-News-App/src/utils/theme/index.ts": {"path":"/Users/macbook/Desktop/saad/github-desktop/NY-News-App/src/utils/theme/index.ts","statementMap":{},"fnMap":{},"branchMap":{},"s":{},"f":{},"b":{},"_coverageSchema":"1a1c01bbd47fc00a2c39e90264f33305004495a9","hash":"6d96434b7567a0127f4dd0fca02d5ccf329af1e9"}
}
