TN:
SF:src/app.js
FN:15,(anonymous_0)
FNF:1
FNH:1
FNDA:1,(anonymous_0)
DA:13,1
DA:15,1
DA:16,1
LF:3
LH:3
BRDA:21,0,0,1
BRDA:21,0,1,0
BRDA:23,1,0,1
BRDA:23,1,1,0
BRF:4
BRH:2
end_of_record
TN:
SF:src/components/index.ts
FNF:0
FNH:0
LF:0
LH:0
BRF:0
BRH:0
end_of_record
TN:
SF:src/components/app-config-loader/index.tsx
FN:5,(anonymous_0)
FNF:1
FNH:1
FNDA:1,(anonymous_0)
DA:5,6
DA:6,1
LF:2
LH:2
BRF:0
BRH:0
end_of_record
TN:
SF:src/components/header/index.tsx
FN:9,(anonymous_0)
FN:18,(anonymous_1)
FNF:2
FNH:2
FNDA:5,(anonymous_0)
FNDA:5,(anonymous_1)
DA:9,6
DA:16,5
DA:18,5
DA:19,5
DA:32,5
LF:5
LH:5
BRDA:11,0,0,5
BRDA:13,1,0,0
BRDA:14,2,0,2
BRDA:24,3,0,5
BRDA:24,3,1,3
BRF:5
BRH:4
end_of_record
TN:
SF:src/components/header/styled.ts
FNF:0
FNH:0
DA:5,6
LF:1
LH:1
BRF:0
BRH:0
end_of_record
TN:
SF:src/components/image-view/index.tsx
FN:4,(anonymous_0)
FNF:1
FNH:1
FNDA:3,(anonymous_0)
DA:4,6
DA:12,3
LF:2
LH:2
BRDA:5,0,0,3
BRDA:7,1,0,0
BRDA:16,2,0,3
BRDA:16,2,1,0
BRDA:16,2,2,0
BRF:5
BRH:2
end_of_record
TN:
SF:src/components/loader/index.tsx
FN:5,(anonymous_0)
FNF:1
FNH:1
FNDA:2,(anonymous_0)
DA:5,7
DA:6,2
DA:7,1
DA:16,1
LF:4
LH:4
BRDA:5,0,0,0
BRDA:6,1,0,1
BRDA:6,1,1,1
BRF:3
BRH:2
end_of_record
TN:
SF:src/components/product-card/index.tsx
FN:9,(anonymous_0)
FN:16,(anonymous_1)
FN:20,(anonymous_2)
FNF:3
FNH:3
FNDA:3,(anonymous_0)
FNDA:1,(anonymous_1)
FNDA:3,(anonymous_2)
DA:9,6
DA:10,3
DA:14,3
DA:16,3
DA:17,1
DA:20,3
DA:21,3
DA:31,3
LF:8
LH:8
BRDA:47,0,0,0
BRDA:47,0,1,3
BRF:2
BRH:1
end_of_record
TN:
SF:src/components/product-card/product-description.tsx
FN:6,(anonymous_0)
FN:11,(anonymous_1)
FNF:2
FNH:2
FNDA:3,(anonymous_0)
FNDA:3,(anonymous_1)
DA:6,6
DA:7,3
DA:8,3
DA:9,3
DA:12,3
DA:14,3
DA:16,0
LF:7
LH:6
BRDA:8,0,0,3
BRDA:8,0,1,0
BRDA:8,1,0,3
BRDA:8,1,1,3
BRF:4
BRH:3
end_of_record
TN:
SF:src/components/product-card/product-image.tsx
FN:10,(anonymous_0)
FNF:1
FNH:1
FNDA:3,(anonymous_0)
DA:10,6
DA:11,3
DA:14,3
LF:3
LH:3
BRDA:11,0,0,0
BRDA:11,0,1,3
BRDA:12,1,0,0
BRDA:12,1,1,0
BRDA:21,2,0,0
BRDA:21,2,1,3
BRF:6
BRH:2
end_of_record
TN:
SF:src/components/product-card/styled.ts
FNF:0
FNH:0
DA:6,6
LF:1
LH:1
BRF:0
BRH:0
end_of_record
TN:
SF:src/components/product-filters/index.tsx
FN:10,(anonymous_0)
FN:18,(anonymous_1)
FN:24,(anonymous_2)
FN:28,(anonymous_3)
FN:29,(anonymous_4)
FN:38,(anonymous_5)
FN:47,(anonymous_6)
FN:52,(anonymous_7)
FNF:8
FNH:6
FNDA:8,(anonymous_0)
FNDA:4,(anonymous_1)
FNDA:0,(anonymous_2)
FNDA:4,(anonymous_3)
FNDA:8,(anonymous_4)
FNDA:4,(anonymous_5)
FNDA:16,(anonymous_6)
FNDA:0,(anonymous_7)
DA:10,7
DA:11,8
DA:13,8
DA:18,4
DA:24,0
DA:28,8
DA:29,4
DA:30,8
DA:31,4
DA:32,4
DA:34,4
DA:36,4
DA:38,8
DA:39,4
DA:42,8
DA:48,16
DA:52,0
LF:17
LH:15
BRDA:10,0,0,4
BRDA:30,1,0,4
BRDA:30,1,1,4
BRDA:31,2,0,4
BRDA:31,2,1,4
BRDA:46,3,0,8
BRDA:46,3,1,8
BRDA:57,4,0,8
BRDA:57,4,1,8
BRDA:60,5,0,16
BRDA:60,5,1,16
BRF:11
BRH:11
end_of_record
TN:
SF:src/components/product-filters/styled.ts
FNF:0
FNH:0
DA:6,7
LF:1
LH:1
BRF:0
BRH:0
end_of_record
TN:
SF:src/components/search-input/index.tsx
FN:11,(anonymous_0)
FN:22,(anonymous_1)
FN:28,(anonymous_2)
FNF:3
FNH:3
FNDA:7,(anonymous_0)
FNDA:2,(anonymous_1)
FNDA:1,(anonymous_2)
DA:11,7
DA:15,7
DA:16,7
DA:17,7
DA:21,7
DA:23,2
DA:28,7
DA:29,1
DA:30,1
DA:31,1
DA:35,7
LF:11
LH:11
BRDA:12,0,0,5
BRDA:29,1,0,1
BRDA:29,1,1,0
BRDA:47,2,0,7
BRDA:47,2,1,2
BRDA:47,2,2,2
BRF:6
BRH:5
end_of_record
TN:
SF:src/components/search-input/styled.ts
FNF:0
FNH:0
DA:4,7
LF:1
LH:1
BRF:0
BRH:0
end_of_record
TN:
SF:src/constants/navigation-routes.ts
FNF:0
FNH:0
DA:3,6
LF:1
LH:1
BRF:0
BRH:0
end_of_record
TN:
SF:src/constants/response-types.ts
FNF:0
FNH:0
LF:0
LH:0
BRF:0
BRH:0
end_of_record
TN:
SF:src/constants/server/end-points.ts
FNF:0
FNH:0
DA:3,6
DA:8,6
DA:12,6
LF:3
LH:3
BRF:0
BRH:0
end_of_record
TN:
SF:src/constants/server/index.ts
FNF:0
FNH:0
DA:2,6
DA:3,6
DA:4,6
DA:5,6
DA:6,6
LF:5
LH:5
BRF:0
BRH:0
end_of_record
TN:
SF:src/routes/index-routes.tsx
FN:7,(anonymous_0)
FN:11,(anonymous_1)
FNF:2
FNH:2
FNDA:1,(anonymous_0)
FNDA:1,(anonymous_1)
DA:7,6
DA:8,1
DA:11,6
DA:12,1
DA:14,1
LF:5
LH:5
BRF:0
BRH:0
end_of_record
TN:
SF:src/routes/root.tsx
FN:16,(anonymous_0)
FNF:1
FNH:1
FNDA:1,(anonymous_0)
DA:14,6
DA:16,6
DA:21,1
LF:3
LH:3
BRDA:23,0,0,1
BRDA:23,0,1,1
BRF:2
BRH:2
end_of_record
TN:
SF:src/screens/index.ts
FNF:0
FNH:0
LF:0
LH:0
BRF:0
BRH:0
end_of_record
TN:
SF:src/screens/auth/index.ts
FNF:0
FNH:0
LF:0
LH:0
BRF:0
BRH:0
end_of_record
TN:
SF:src/screens/auth/login/login.tsx
FN:20,(anonymous_0)
FN:32,(anonymous_1)
FN:50,(anonymous_2)
FN:59,(anonymous_3)
FNF:4
FNH:4
FNDA:10,(anonymous_0)
FNDA:2,(anonymous_1)
FNDA:2,(anonymous_2)
FNDA:2,(anonymous_3)
DA:20,6
DA:21,10
DA:24,10
DA:27,10
DA:28,10
DA:30,10
DA:32,10
DA:33,2
DA:34,1
DA:35,1
DA:38,1
DA:42,1
DA:45,10
DA:50,2
DA:59,2
LF:15
LH:15
BRDA:22,0,0,10
BRDA:22,0,1,0
BRDA:25,1,0,10
BRDA:25,1,1,0
BRDA:33,2,0,1
BRDA:33,2,1,1
BRDA:33,3,0,2
BRDA:33,3,1,1
BRDA:65,4,0,0
BRDA:65,4,1,10
BRF:10
BRH:7
end_of_record
TN:
SF:src/screens/auth/login/styled.ts
FNF:0
FNH:0
DA:5,6
LF:1
LH:1
BRF:0
BRH:0
end_of_record
TN:
SF:src/screens/auth/signup/signup.tsx
FN:20,(anonymous_0)
FN:33,(anonymous_1)
FN:52,(anonymous_2)
FN:61,(anonymous_3)
FNF:4
FNH:4
FNDA:9,(anonymous_0)
FNDA:2,(anonymous_1)
FNDA:2,(anonymous_2)
FNDA:2,(anonymous_3)
DA:20,6
DA:21,9
DA:24,9
DA:27,9
DA:29,9
DA:31,9
DA:33,9
DA:34,2
DA:35,1
DA:36,1
DA:39,1
DA:44,1
DA:47,9
DA:52,2
DA:61,2
LF:15
LH:15
BRDA:22,0,0,9
BRDA:22,0,1,0
BRDA:25,1,0,9
BRDA:25,1,1,0
BRDA:34,2,0,1
BRDA:34,2,1,1
BRDA:34,3,0,2
BRDA:34,3,1,1
BRDA:66,4,0,0
BRDA:66,4,1,9
BRF:10
BRH:7
end_of_record
TN:
SF:src/screens/main/index.ts
FNF:0
FNH:0
LF:0
LH:0
BRF:0
BRH:0
end_of_record
TN:
SF:src/screens/main/category/index.tsx
FN:19,(anonymous_0)
FN:23,(anonymous_1)
FN:31,(anonymous_2)
FN:41,(anonymous_3)
FN:45,(anonymous_4)
FN:54,(anonymous_5)
FNF:6
FNH:5
FNDA:2,(anonymous_0)
FNDA:0,(anonymous_1)
FNDA:2,(anonymous_2)
FNDA:2,(anonymous_3)
FNDA:2,(anonymous_4)
FNDA:2,(anonymous_5)
DA:19,6
DA:20,2
DA:21,2
DA:23,2
DA:24,0
DA:31,2
DA:32,2
DA:33,0
DA:41,2
DA:42,2
DA:45,2
DA:46,2
DA:54,2
DA:55,2
DA:60,2
LF:15
LH:13
BRDA:32,0,0,0
BRDA:32,0,1,2
BRF:2
BRH:1
end_of_record
TN:
SF:src/screens/main/product-description/news-details.tsx
FN:10,(anonymous_0)
FN:21,(anonymous_1)
FN:32,(anonymous_2)
FN:36,(anonymous_3)
FN:39,(anonymous_4)
FNF:5
FNH:0
FNDA:0,(anonymous_0)
FNDA:0,(anonymous_1)
FNDA:0,(anonymous_2)
FNDA:0,(anonymous_3)
FNDA:0,(anonymous_4)
DA:10,6
DA:19,0
DA:21,0
DA:22,0
DA:32,0
DA:33,0
DA:36,0
DA:37,0
DA:39,0
DA:40,0
DA:82,0
LF:11
LH:1
BRDA:57,0,0,0
BRDA:57,0,1,0
BRDA:64,1,0,0
BRDA:64,1,1,0
BRF:4
BRH:0
end_of_record
TN:
SF:src/screens/main/product-description/slider.tsx
FN:7,(anonymous_0)
FN:12,(anonymous_1)
FN:27,(anonymous_2)
FN:40,(anonymous_3)
FNF:4
FNH:0
FNDA:0,(anonymous_0)
FNDA:0,(anonymous_1)
FNDA:0,(anonymous_2)
FNDA:0,(anonymous_3)
DA:7,6
DA:8,0
DA:9,0
DA:10,0
DA:12,0
DA:13,0
DA:27,0
DA:28,0
DA:40,0
DA:56,0
LF:10
LH:1
BRF:0
BRH:0
end_of_record
TN:
SF:src/screens/main/product-description/styled.ts
FNF:0
FNH:0
DA:6,6
LF:1
LH:1
BRF:0
BRH:0
end_of_record
TN:
SF:src/screens/main/search/index.tsx
FN:20,(anonymous_0)
FN:24,(anonymous_1)
FN:29,(anonymous_2)
FN:31,(anonymous_3)
FN:36,(anonymous_4)
FN:41,(anonymous_5)
FN:48,(anonymous_6)
FN:58,(anonymous_7)
FN:62,(anonymous_8)
FN:66,(anonymous_9)
FN:104,(anonymous_10)
FNF:11
FNH:0
FNDA:0,(anonymous_0)
FNDA:0,(anonymous_1)
FNDA:0,(anonymous_2)
FNDA:0,(anonymous_3)
FNDA:0,(anonymous_4)
FNDA:0,(anonymous_5)
FNDA:0,(anonymous_6)
FNDA:0,(anonymous_7)
FNDA:0,(anonymous_8)
FNDA:0,(anonymous_9)
FNDA:0,(anonymous_10)
DA:20,6
DA:21,0
DA:24,6
DA:25,0
DA:26,0
DA:27,0
DA:29,0
DA:30,0
DA:31,0
DA:33,0
DA:36,0
DA:37,0
DA:42,0
DA:48,0
DA:58,0
DA:59,0
DA:62,0
DA:63,0
DA:66,0
DA:67,0
DA:104,0
DA:105,0
DA:114,0
LF:23
LH:2
BRDA:74,0,0,0
BRDA:74,0,1,0
BRDA:78,1,0,0
BRDA:78,1,1,0
BRDA:85,2,0,0
BRDA:85,2,1,0
BRDA:95,3,0,0
BRDA:95,3,1,0
BRF:8
BRH:0
end_of_record
TN:
SF:src/screens/main/search/styled.ts
FNF:0
FNH:0
DA:6,6
LF:1
LH:1
BRF:0
BRH:0
end_of_record
TN:
SF:src/screens/main/search-result/index.tsx
FN:14,(anonymous_0)
FN:18,(anonymous_1)
FN:29,(anonymous_2)
FN:40,(anonymous_3)
FN:44,renderSearchInput
FNF:5
FNH:3
FNDA:3,(anonymous_0)
FNDA:0,(anonymous_1)
FNDA:3,(anonymous_2)
FNDA:0,(anonymous_3)
FNDA:2,renderSearchInput
DA:14,6
DA:15,3
DA:16,3
DA:18,3
DA:19,0
DA:29,3
DA:30,3
DA:40,3
DA:41,0
DA:45,2
DA:56,3
LF:11
LH:9
BRDA:60,0,0,1
BRDA:60,0,1,2
BRDA:60,1,0,3
BRDA:60,1,1,1
BRDA:60,1,2,1
BRF:5
BRH:5
end_of_record
TN:
SF:src/screens/main/search-result/styled.ts
FNF:0
FNH:0
DA:6,6
LF:1
LH:1
BRF:0
BRH:0
end_of_record
TN:
SF:src/services/index.ts
FNF:0
FNH:0
LF:0
LH:0
BRF:0
BRH:0
end_of_record
TN:
SF:src/services/auth/index.ts
FN:9,(anonymous_0)
FN:18,(anonymous_1)
FNF:2
FNH:0
FNDA:0,(anonymous_0)
FNDA:0,(anonymous_1)
DA:9,6
DA:10,0
DA:11,0
DA:12,0
DA:13,0
DA:15,0
DA:18,6
DA:19,0
DA:20,0
DA:21,0
DA:22,0
DA:24,0
LF:12
LH:2
BRF:0
BRH:0
end_of_record
TN:
SF:src/services/category/index.ts
FN:9,(anonymous_0)
FN:20,(anonymous_1)
FNF:2
FNH:0
FNDA:0,(anonymous_0)
FNDA:0,(anonymous_1)
DA:9,0
DA:10,0
DA:12,0
DA:13,0
DA:15,0
DA:17,0
DA:20,0
DA:21,0
DA:23,0
DA:24,0
DA:26,0
DA:28,0
LF:12
LH:0
BRF:0
BRH:0
end_of_record
TN:
SF:src/services/https/index.ts
FN:6,(anonymous_0)
FN:15,(anonymous_1)
FN:20,(anonymous_2)
FN:23,(anonymous_3)
FNF:4
FNH:0
FNDA:0,(anonymous_0)
FNDA:0,(anonymous_1)
FNDA:0,(anonymous_2)
FNDA:0,(anonymous_3)
DA:4,6
DA:7,0
DA:9,0
DA:10,0
DA:11,0
DA:12,0
DA:16,0
DA:17,0
DA:21,0
DA:24,0
DA:25,0
LF:11
LH:1
BRDA:10,0,0,0
BRDA:10,0,1,0
BRDA:10,1,0,0
BRDA:10,1,1,0
BRF:4
BRH:0
end_of_record
TN:
SF:src/services/local-storage/index.ts
FN:6,(anonymous_0)
FN:9,(anonymous_1)
FN:13,(anonymous_2)
FNF:3
FNH:0
FNDA:0,(anonymous_0)
FNDA:0,(anonymous_1)
FNDA:0,(anonymous_2)
DA:6,12
DA:7,0
DA:9,12
DA:10,0
DA:11,0
DA:13,12
DA:14,0
LF:7
LH:3
BRF:0
BRH:0
end_of_record
TN:
SF:src/services/search/index.ts
FN:9,(anonymous_0)
FNF:1
FNH:0
FNDA:0,(anonymous_0)
DA:9,0
DA:10,0
DA:11,0
DA:12,0
DA:14,0
DA:16,0
LF:6
LH:0
BRF:0
BRH:0
end_of_record
TN:
SF:src/state/action-types/auth/index.ts
FNF:0
FNH:0
DA:3,6
DA:4,6
DA:5,6
DA:7,6
DA:8,6
DA:9,6
LF:6
LH:6
BRF:0
BRH:0
end_of_record
TN:
SF:src/state/action-types/category/index.ts
FNF:0
FNH:0
DA:3,1
DA:4,1
DA:5,1
DA:7,1
DA:8,1
DA:9,1
LF:6
LH:6
BRF:0
BRH:0
end_of_record
TN:
SF:src/state/action-types/search/index.ts
FNF:0
FNH:0
DA:3,1
DA:4,1
DA:5,1
DA:8,1
DA:10,1
DA:12,1
LF:6
LH:6
BRF:0
BRH:0
end_of_record
TN:
SF:src/state/actions/auth/index.ts
FN:25,(anonymous_0)
FN:26,(anonymous_1)
FN:46,(anonymous_2)
FN:47,(anonymous_3)
FNF:4
FNH:2
FNDA:1,(anonymous_0)
FNDA:0,(anonymous_1)
FNDA:1,(anonymous_2)
FNDA:0,(anonymous_3)
DA:21,6
DA:22,6
DA:25,6
DA:26,1
DA:27,0
DA:29,0
DA:30,0
DA:31,0
DA:33,0
DA:37,0
DA:39,0
DA:40,0
DA:41,0
DA:46,6
DA:47,1
DA:48,0
DA:50,0
DA:51,0
DA:52,0
DA:54,0
DA:58,0
DA:59,0
DA:61,0
DA:62,0
LF:24
LH:6
BRDA:59,0,0,0
BRDA:59,0,1,0
BRF:2
BRH:0
end_of_record
TN:
SF:src/state/reducers/index.ts
FNF:0
FNH:0
DA:6,1
DA:12,1
LF:2
LH:2
BRF:0
BRH:0
end_of_record
TN:
SF:src/state/reducers/features/auth.ts
FN:17,(anonymous_0)
FNF:1
FNH:1
FNDA:7,(anonymous_0)
DA:12,1
DA:17,1
DA:21,7
DA:23,0
DA:29,0
DA:36,0
DA:42,0
DA:48,0
DA:54,0
DA:61,7
LF:10
LH:4
BRDA:18,0,0,5
BRDA:21,1,0,0
BRDA:21,1,1,0
BRDA:21,1,2,0
BRDA:21,1,3,0
BRDA:21,1,4,0
BRDA:21,1,5,0
BRDA:21,1,6,7
BRF:8
BRH:2
end_of_record
TN:
SF:src/state/reducers/features/category.ts
FN:17,(anonymous_0)
FNF:1
FNH:1
FNDA:7,(anonymous_0)
DA:10,1
DA:17,1
DA:21,7
DA:23,0
DA:26,0
DA:34,0
DA:38,0
DA:41,0
DA:49,0
DA:53,7
LF:10
LH:4
BRDA:18,0,0,5
BRDA:21,1,0,0
BRDA:21,1,1,0
BRDA:21,1,2,0
BRDA:21,1,3,0
BRDA:21,1,4,0
BRDA:21,1,5,0
BRDA:21,1,6,7
BRF:8
BRH:2
end_of_record
TN:
SF:src/state/reducers/features/index.ts
FNF:0
FNH:0
DA:6,1
LF:1
LH:1
BRF:0
BRH:0
end_of_record
TN:
SF:src/state/reducers/features/search.ts
FN:18,(anonymous_0)
FNF:1
FNH:1
FNDA:7,(anonymous_0)
DA:12,1
DA:18,1
DA:22,7
DA:24,0
DA:27,0
DA:36,0
DA:40,0
DA:43,0
DA:50,0
DA:54,7
LF:10
LH:4
BRDA:19,0,0,5
BRDA:22,1,0,0
BRDA:22,1,1,0
BRDA:22,1,2,0
BRDA:22,1,3,0
BRDA:22,1,4,0
BRDA:22,1,5,0
BRDA:22,1,6,7
BRF:8
BRH:2
end_of_record
TN:
SF:src/state/selectors/features/auth/index.ts
FN:6,(anonymous_0)
FN:8,(anonymous_1)
FN:10,(anonymous_2)
FN:14,(anonymous_3)
FNF:4
FNH:0
FNDA:0,(anonymous_0)
FNDA:0,(anonymous_1)
FNDA:0,(anonymous_2)
FNDA:0,(anonymous_3)
DA:6,6
DA:8,6
DA:10,6
DA:11,0
DA:14,6
DA:15,0
LF:6
LH:4
BRF:0
BRH:0
end_of_record
TN:
SF:src/state/selectors/features/category/index.ts
FN:4,(anonymous_0)
FN:6,(anonymous_1)
FN:8,(anonymous_2)
FN:12,(anonymous_3)
FNF:4
FNH:0
FNDA:0,(anonymous_0)
FNDA:0,(anonymous_1)
FNDA:0,(anonymous_2)
FNDA:0,(anonymous_3)
DA:4,6
DA:6,6
DA:8,6
DA:9,0
DA:12,6
DA:13,0
LF:6
LH:4
BRF:0
BRH:0
end_of_record
TN:
SF:src/state/selectors/features/search/index.ts
FN:6,(anonymous_0)
FN:8,(anonymous_1)
FN:10,(anonymous_2)
FN:14,(anonymous_3)
FN:18,(anonymous_4)
FNF:5
FNH:0
FNDA:0,(anonymous_0)
FNDA:0,(anonymous_1)
FNDA:0,(anonymous_2)
FNDA:0,(anonymous_3)
FNDA:0,(anonymous_4)
DA:6,6
DA:8,6
DA:10,6
DA:11,0
DA:14,6
DA:15,0
DA:18,6
DA:19,0
LF:8
LH:5
BRF:0
BRH:0
end_of_record
TN:
SF:src/state/store/index.ts
FN:16,(anonymous_0)
FNF:1
FNH:1
FNDA:1,(anonymous_0)
DA:6,1
DA:8,1
DA:17,1
DA:18,1
LF:4
LH:4
BRF:0
BRH:0
end_of_record
TN:
SF:src/utils/staticTexts.ts
FNF:0
FNH:0
DA:3,6
LF:1
LH:1
BRF:0
BRH:0
end_of_record
TN:
SF:src/utils/api/index.ts
FN:4,(anonymous_0)
FN:38,(anonymous_1)
FNF:2
FNH:0
FNDA:0,(anonymous_0)
FNDA:0,(anonymous_1)
DA:4,6
DA:6,0
DA:13,0
DA:14,0
DA:21,0
DA:22,0
DA:23,0
DA:29,0
DA:30,0
DA:35,0
DA:38,6
DA:39,0
DA:40,0
DA:41,0
DA:42,0
DA:44,0
LF:16
LH:2
BRDA:10,0,0,0
BRDA:10,0,1,0
BRDA:13,1,0,0
BRDA:13,1,1,0
BRDA:15,2,0,0
BRDA:15,2,1,0
BRDA:16,3,0,0
BRDA:16,3,1,0
BRDA:16,3,2,0
BRDA:19,4,0,0
BRDA:19,4,1,0
BRDA:21,5,0,0
BRDA:21,5,1,0
BRDA:26,6,0,0
BRDA:26,6,1,0
BRDA:29,7,0,0
BRDA:29,7,1,0
BRDA:39,8,0,0
BRDA:39,8,1,0
BRDA:41,9,0,0
BRDA:41,9,1,0
BRF:21
BRH:0
end_of_record
TN:
SF:src/utils/date-formats/index.tsx
FN:3,(anonymous_0)
FNF:1
FNH:0
FNDA:0,(anonymous_0)
DA:3,6
DA:4,0
DA:5,0
DA:6,0
DA:7,0
DA:8,0
DA:10,0
LF:7
LH:1
BRDA:8,0,0,0
BRDA:8,0,1,0
BRF:2
BRH:0
end_of_record
TN:
SF:src/utils/splitted-value/index.tsx
FN:3,(anonymous_0)
FNF:1
FNH:1
FNDA:3,(anonymous_0)
DA:3,6
DA:4,3
DA:5,0
LF:3
LH:2
BRDA:4,0,0,3
BRDA:4,0,1,0
BRF:2
BRH:1
end_of_record
TN:
SF:src/utils/theme/colors.ts
FNF:0
FNH:0
DA:1,9
LF:1
LH:1
BRF:0
BRH:0
end_of_record
TN:
SF:src/utils/theme/images.ts
FNF:0
FNH:0
LF:0
LH:0
BRF:0
BRH:0
end_of_record
TN:
SF:src/utils/theme/index.ts
FNF:0
FNH:0
LF:0
LH:0
BRF:0
BRH:0
end_of_record
