TN:
SF:src/components/product-filters/index.tsx
FN:10,(anonymous_0)
FN:18,(anonymous_1)
FN:24,(anonymous_2)
FN:28,(anonymous_3)
FN:29,(anonymous_4)
FN:38,(anonymous_5)
FN:47,(anonymous_6)
FN:52,(anonymous_7)
FNF:8
FNH:6
FNDA:4,(anonymous_0)
FNDA:2,(anonymous_1)
FNDA:0,(anonymous_2)
FNDA:2,(anonymous_3)
FNDA:4,(anonymous_4)
FNDA:2,(anonymous_5)
FNDA:8,(anonymous_6)
FNDA:0,(anonymous_7)
DA:10,1
DA:11,4
DA:13,4
DA:18,2
DA:24,0
DA:28,4
DA:29,2
DA:30,4
DA:31,2
DA:32,2
DA:34,2
DA:36,2
DA:38,4
DA:39,2
DA:42,4
DA:48,8
DA:52,0
LF:17
LH:15
BRDA:10,0,0,4
BRDA:30,1,0,2
BRDA:30,1,1,2
BRDA:31,2,0,2
BRDA:31,2,1,2
BRDA:46,3,0,4
BRDA:46,3,1,4
BRDA:57,4,0,4
BRDA:57,4,1,4
BRDA:60,5,0,8
BRDA:60,5,1,8
BRF:11
BRH:11
end_of_record
TN:
SF:src/components/product-filters/styled.ts
FNF:0
FNH:0
DA:6,1
LF:1
LH:1
BRF:0
BRH:0
end_of_record
TN:
SF:src/utils/theme/colors.ts
FNF:0
FNH:0
DA:1,1
LF:1
LH:1
BRF:0
BRH:0
end_of_record
TN:
SF:src/utils/theme/images.ts
FNF:0
FNH:0
LF:0
LH:0
BRF:0
BRH:0
end_of_record
TN:
SF:src/utils/theme/index.ts
FNF:0
FNH:0
LF:0
LH:0
BRF:0
BRH:0
end_of_record
